#
# A fatal error has been detected by the Java Runtime Environment:
#
#  SIGSEGV (0xb) at pc=0x00007f33cf4f3320, pid=13831, tid=13834
#
# JRE version: OpenJDK Runtime Environment (11.0.11+9) (build 11.0.11+9-Ubuntu-0ubuntu2.20.04)
# Java VM: OpenJDK 64-Bit Server VM (11.0.11+9-Ubuntu-0ubuntu2.20.04, mixed mode, sharing, tiered, compressed oops, g1 gc, linux-amd64)
# Problematic frame:
# C  [libtorch_cpu.so+0x36ca320]  torch::jit::load(std::__cxx11::basic_string<char, std::char_traits<char>, std::allocator<char> > const&, c10::optional<c10::Device>, std::unordered_map<std::__cxx11::basic_string<char, std::char_traits<char>, std::allocator<char> >, std::__cxx11::basic_string<char, std::char_traits<char>, std::allocator<char> >, std::hash<std::__cxx11::basic_string<char, std::char_traits<char>, std::allocator<char> > >, std::equal_to<std::__cxx11::basic_string<char, std::char_traits<char>, std::allocator<char> > >, std::allocator<std::pair<std::__cxx11::basic_string<char, std::char_traits<char>, std::allocator<char> > const, std::__cxx11::basic_string<char, std::char_traits<char>, std::allocator<char> > > > >&)+0x40
#
# Core dump will be written. Default location: Core dumps may be processed with "/usr/share/apport/apport %p %s %c %d %P %E" (or dumping to /home/aime_bertrand/Documents/djl_yolo/core.13831)
#
# If you would like to submit a bug report, please visit:
#   https://bugs.launchpad.net/ubuntu/+source/openjdk-lts
# The crash happened outside the Java Virtual Machine in native code.
# See problematic frame for where to report the bug.
#

---------------  S U M M A R Y ------------

Command Line: -javaagent:/home/aime_bertrand/.local/share/JetBrains/Toolbox/apps/IDEA-C/ch-0/211.7442.40/lib/idea_rt.jar=46781:/home/aime_bertrand/.local/share/JetBrains/Toolbox/apps/IDEA-C/ch-0/211.7442.40/bin -Dfile.encoding=UTF-8 Main

Host: Intel(R) Core(TM) i5-8265U CPU @ 1.60GHz, 8 cores, 7G, Ubuntu 20.04.2 LTS
Time: Fri Aug  6 00:14:15 2021 CEST elapsed time: 1.855400 seconds (0d 0h 0m 1s)

---------------  T H R E A D  ---------------

Current thread (0x00007f346c018000):  JavaThread "main" [_thread_in_native, id=13834, stack(0x00007f3472f0b000,0x00007f347300c000)]

Stack: [0x00007f3472f0b000,0x00007f347300c000],  sp=0x00007f347300a320,  free space=1020k
Native frames: (J=compiled Java code, A=aot compiled Java code, j=interpreted, Vv=VM code, C=native code)
C  [libtorch_cpu.so+0x36ca320]  torch::jit::load(std::__cxx11::basic_string<char, std::char_traits<char>, std::allocator<char> > const&, c10::optional<c10::Device>, std::unordered_map<std::__cxx11::basic_string<char, std::char_traits<char>, std::allocator<char> >, std::__cxx11::basic_string<char, std::char_traits<char>, std::allocator<char> >, std::hash<std::__cxx11::basic_string<char, std::char_traits<char>, std::allocator<char> > >, std::equal_to<std::__cxx11::basic_string<char, std::char_traits<char>, std::allocator<char> > >, std::allocator<std::pair<std::__cxx11::basic_string<char, std::char_traits<char>, std::allocator<char> > const, std::__cxx11::basic_string<char, std::char_traits<char>, std::allocator<char> > > > >&)+0x40

Java frames: (J=compiled Java code, j=interpreted, Vv=VM code)
j  ai.djl.pytorch.jni.PyTorchLibrary.moduleLoad(Ljava/lang/String;[I[Ljava/lang/String;[Ljava/lang/String;)J+0
j  ai.djl.pytorch.jni.JniUtils.loadModule(Lai/djl/pytorch/engine/PtNDManager;Ljava/nio/file/Path;Lai/djl/Device;[Ljava/lang/String;[Ljava/lang/String;)Lai/djl/pytorch/engine/PtSymbolBlock;+29
j  ai.djl.pytorch.engine.PtModel.load(Ljava/nio/file/Path;Ljava/lang/String;Ljava/util/Map;)V+206
j  ai.djl.repository.zoo.BaseModelLoader.loadModel(Lai/djl/repository/zoo/Criteria;)Lai/djl/repository/zoo/ZooModel;+450
j  ai.djl.repository.zoo.Criteria.loadModel()Lai/djl/repository/zoo/ZooModel;+572
j  ai.djl.repository.zoo.ModelZoo.loadModel(Lai/djl/repository/zoo/Criteria;)Lai/djl/repository/zoo/ZooModel;+1
j  Main$.detect(Lorg/opencv/core/Mat;)V+58
j  Main$.main([Ljava/lang/String;)V+55
j  Main.main([Ljava/lang/String;)V+4
v  ~StubRoutines::call_stub

siginfo: si_signo: 11 (SIGSEGV), si_code: 1 (SEGV_MAPERR), si_addr: 0x0000000000ff0001

Register to memory mapping:

RAX=0x0 is NULL
RBX=0x00007f346d665f90 points into unknown readable memory: 0x00007f33dba58d18 | 18 8d a5 db 33 7f 00 00
RCX=0x00007f346c0008d0 points into unknown readable memory: 0x0000000100000000 | 00 00 00 00 01 00 00 00
RDX=0x0 is NULL
RSP=0x00007f347300a320 is pointing into the stack for thread: 0x00007f346c018000
RBP=0x00007f347300a3a8 is pointing into the stack for thread: 0x00007f346c018000
RSI=0x00007f346d665f98 points into unknown readable memory: 0x00007f347334de80 | 80 de 34 73 34 7f 00 00
RDI=0x0 is NULL
R8 =0x00007f346d675c70 points into unknown readable memory: 0x00007f33dba58cd0 | d0 8c a5 db 33 7f 00 00
R9 =0x00007f346c0002f0 points into unknown readable memory: 0x00007f346c0002e0 | e0 02 00 6c 34 7f 00 00
R10=0x00007f33dbd02787: <offset 0x000000000fed9787> in /home/aime_bertrand/.djl.ai/pytorch/1.6.0-cpu-linux-x86_64/libtorch_cpu.so at 0x00007f33cbe29000
R11=0x00007f33ce0eff90: _ZN6caffe29serialize14IStreamAdapterC1EPSi+0x0000000000000000 in /home/aime_bertrand/.djl.ai/pytorch/1.6.0-cpu-linux-x86_64/libtorch_cpu.so at 0x00007f33cbe29000
R12=0x0000000000ff0001 is an unknown value
R13=0x00007f347300a3f0 is pointing into the stack for thread: 0x00007f346c018000
R14=0x00007f347300a430 is pointing into the stack for thread: 0x00007f346c018000
R15=0x00007f346c018000 is a thread


Registers:
RAX=0x0000000000000000, RBX=0x00007f346d665f90, RCX=0x00007f346c0008d0, RDX=0x0000000000000000
RSP=0x00007f347300a320, RBP=0x00007f347300a3a8, RSI=0x00007f346d665f98, RDI=0x0000000000000000
R8 =0x00007f346d675c70, R9 =0x00007f346c0002f0, R10=0x00007f33dbd02787, R11=0x00007f33ce0eff90
R12=0x0000000000ff0001, R13=0x00007f347300a3f0, R14=0x00007f347300a430, R15=0x00007f346c018000
RIP=0x00007f33cf4f3320, EFLAGS=0x0000000000010246, CSGSFS=0x002b000000000033, ERR=0x0000000000000004
  TRAPNO=0x000000000000000e

Top of Stack: (sp=0x00007f347300a320)
0x00007f347300a320:   00007f347300a340 00007f3401941516
0x00007f347300a330:   00007f347300a3a3 e3f17dd00d7ddf00
0x00007f347300a340:   00007f3470b6e570 00007f347300a4a0
0x00007f347300a350:   0000000000000000 00007f3470b6e570 

Instructions: (pc=0x00007f33cf4f3320)
0x00007f33cf4f3220:   04 25 28 00 00 00 48 89 44 24 18 31 c0 e8 fe 6f
0x00007f33cf4f3230:   23 fd 4c 89 f6 48 89 c7 48 89 c3 e8 90 29 22 fd
0x00007f33cf4f3240:   41 80 3c 24 00 c6 04 24 00 c6 44 24 02 00 74 0d
0x00007f33cf4f3250:   41 8b 44 24 02 c6 04 24 01 89 44 24 02 48 8d 74
0x00007f33cf4f3260:   24 10 48 89 e2 4c 89 e9 48 89 ef 48 89 5c 24 10
0x00007f33cf4f3270:   e8 1b 97 23 fd 48 8b 7c 24 10 48 85 ff 74 06 48
0x00007f33cf4f3280:   8b 07 ff 50 18 48 8b 4c 24 18 64 48 33 0c 25 28
0x00007f33cf4f3290:   00 00 00 48 89 e8 75 0d 48 83 c4 20 5b 5d 41 5c
0x00007f33cf4f32a0:   41 5d 41 5e c3 e8 f6 31 21 fd 48 8b 7c 24 10 48
0x00007f33cf4f32b0:   89 c3 48 85 ff 74 06 48 8b 07 ff 50 18 48 89 df
0x00007f33cf4f32c0:   e8 bb ee 21 fd 48 89 c5 48 89 df be 10 00 00 00
0x00007f33cf4f32d0:   e8 5b c4 20 fd 48 89 ef e8 a3 ee 21 fd 0f 1f 00
0x00007f33cf4f32e0:   41 56 41 55 49 89 f6 41 54 55 48 89 fd 53 bf 18
0x00007f33cf4f32f0:   02 00 00 49 89 d4 49 89 cd 48 83 ec 20 64 48 8b
0x00007f33cf4f3300:   04 25 28 00 00 00 48 89 44 24 18 31 c0 e8 1e 6f
0x00007f33cf4f3310:   23 fd 4c 89 f6 48 89 c7 48 89 c3 e8 00 cd 22 fd
0x00007f33cf4f3320:   41 80 3c 24 00 c6 04 24 00 c6 44 24 02 00 74 0d
0x00007f33cf4f3330:   41 8b 44 24 02 c6 04 24 01 89 44 24 02 48 8d 74
0x00007f33cf4f3340:   24 10 48 89 e2 4c 89 e9 48 89 ef 48 89 5c 24 10
0x00007f33cf4f3350:   e8 3b 96 23 fd 48 8b 7c 24 10 48 85 ff 74 06 48
0x00007f33cf4f3360:   8b 07 ff 50 18 48 8b 4c 24 18 64 48 33 0c 25 28
0x00007f33cf4f3370:   00 00 00 48 89 e8 75 0d 48 83 c4 20 5b 5d 41 5c
0x00007f33cf4f3380:   41 5d 41 5e c3 e8 16 31 21 fd 48 8b 7c 24 10 48
0x00007f33cf4f3390:   89 c3 48 85 ff 74 06 48 8b 07 ff 50 18 48 89 df
0x00007f33cf4f33a0:   e8 db ed 21 fd 48 89 c5 48 89 df be 18 02 00 00
0x00007f33cf4f33b0:   e8 7b c3 20 fd 48 89 ef e8 c3 ed 21 fd 0f 1f 00
0x00007f33cf4f33c0:   48 8d 15 31 76 50 0c 48 89 f8 48 83 c0 20 48 89
0x00007f33cf4f33d0:   17 48 8b 7f 08 48 39 c7 74 06 e9 d1 9b 21 fd 90
0x00007f33cf4f33e0:   f3 c3 66 2e 0f 1f 84 00 00 00 00 00 0f 1f 40 00
0x00007f33cf4f33f0:   48 8d 05 01 76 50 0c 53 48 89 fb 48 89 07 48 8b
0x00007f33cf4f3400:   7f 08 48 8d 43 20 48 39 c7 74 05 e8 a0 9b 21 fd
0x00007f33cf4f3410:   48 89 df be 18 02 00 00 5b e9 12 c3 20 fd 66 90 


Stack slot to memory mapping:
stack at sp + 0 slots: 0x00007f347300a340 is pointing into the stack for thread: 0x00007f346c018000
stack at sp + 1 slots: 0x00007f3401941516: _ZN3c1045trivially_copyable_optimization_optional_baseINS_6DeviceEEC2ERKS1_+0x000000000000002e in /home/aime_bertrand/.djl.ai/pytorch/1.6.0-cpu-linux-x86_64/0.12.0-cpu-libdjl_torch.so at 0x00007f3401831000
stack at sp + 2 slots: 0x00007f347300a3a3 is pointing into the stack for thread: 0x00007f346c018000
stack at sp + 3 slots: 0xe3f17dd00d7ddf00 is an unknown value
stack at sp + 4 slots: {method} {0x00007f3470b6e570} 'moduleLoad' '(Ljava/lang/String;[I[Ljava/lang/String;[Ljava/lang/String;)J' in 'ai/djl/pytorch/jni/PyTorchLibrary'
stack at sp + 5 slots: 0x00007f347300a4a0 is pointing into the stack for thread: 0x00007f346c018000
stack at sp + 6 slots: 0x0 is NULL
stack at sp + 7 slots: {method} {0x00007f3470b6e570} 'moduleLoad' '(Ljava/lang/String;[I[Ljava/lang/String;[Ljava/lang/String;)J' in 'ai/djl/pytorch/jni/PyTorchLibrary'


---------------  P R O C E S S  ---------------

Threads class SMR info:
_java_thread_list=0x00007f346c5dcec0, length=12, elements={
0x00007f346c018000, 0x00007f346c187000, 0x00007f346c189000, 0x00007f346c18f800,
0x00007f346c191800, 0x00007f346c193800, 0x00007f346c195800, 0x00007f346c197800,
0x00007f346c1cd800, 0x00007f346c2ba000, 0x00007f3424001000, 0x00007f346c5db800
}

Java Threads: ( => current thread )
=>0x00007f346c018000 JavaThread "main" [_thread_in_native, id=13834, stack(0x00007f3472f0b000,0x00007f347300c000)]
  0x00007f346c187000 JavaThread "Reference Handler" daemon [_thread_blocked, id=13851, stack(0x00007f34700f9000,0x00007f34701fa000)]
  0x00007f346c189000 JavaThread "Finalizer" daemon [_thread_blocked, id=13852, stack(0x00007f3454777000,0x00007f3454878000)]
  0x00007f346c18f800 JavaThread "Signal Dispatcher" daemon [_thread_blocked, id=13858, stack(0x00007f3454105000,0x00007f3454206000)]
  0x00007f346c191800 JavaThread "Service Thread" daemon [_thread_blocked, id=13859, stack(0x00007f3454004000,0x00007f3454105000)]
  0x00007f346c193800 JavaThread "C2 CompilerThread0" daemon [_thread_blocked, id=13860, stack(0x00007f344c2ef000,0x00007f344c3f0000)]
  0x00007f346c195800 JavaThread "C1 CompilerThread0" daemon [_thread_blocked, id=13861, stack(0x00007f344c1ee000,0x00007f344c2ef000)]
  0x00007f346c197800 JavaThread "Sweeper thread" daemon [_thread_blocked, id=13862, stack(0x00007f344c0ed000,0x00007f344c1ee000)]
  0x00007f346c1cd800 JavaThread "Common-Cleaner" daemon [_thread_blocked, id=13864, stack(0x00007f3445eff000,0x00007f3446000000)]
  0x00007f346c2ba000 JavaThread "Monitor Ctrl-Break" daemon [_thread_in_native, id=13866, stack(0x00007f3445dfe000,0x00007f3445eff000)]
  0x00007f3424001000 JavaThread "Attach Listener" daemon [_thread_blocked, id=13879, stack(0x00007f34454f2000,0x00007f34455f3000)]
  0x00007f346c5db800 JavaThread "process reaper" daemon [_thread_blocked, id=13891, stack(0x00007f3444132000,0x00007f3444154000)]

Other Threads:
  0x00007f346c184000 VMThread "VM Thread" [stack: 0x00007f34701fc000,0x00007f34702fc000] [id=13848]
  0x00007f346c2bb800 WatcherThread [stack: 0x00007f3445cfe000,0x00007f3445dfe000] [id=13867]
  0x00007f346c030000 GCTaskThread "GC Thread#0" [stack: 0x00007f3472bb1000,0x00007f3472cb1000] [id=13838]
  0x00007f346c060800 ConcurrentGCThread "G1 Main Marker" [stack: 0x00007f34716e8000,0x00007f34717e8000] [id=13839]
  0x00007f346c062000 ConcurrentGCThread "G1 Conc#0" [stack: 0x00007f34715e6000,0x00007f34716e6000] [id=13840]
  0x00007f346c0e9800 ConcurrentGCThread "G1 Refine#0" [stack: 0x00007f3470cdc000,0x00007f3470ddc000] [id=13843]
  0x00007f346c0eb000 ConcurrentGCThread "G1 Young RemSet Sampling" [stack: 0x00007f3470bda000,0x00007f3470cda000] [id=13844]

Threads with active compile tasks:

VM state:not at safepoint (normal execution)

VM Mutex/Monitor currently owned by a thread: None

Heap address: 0x0000000087e00000, size: 1922 MB, Compressed Oops mode: 32-bit
Narrow klass base: 0x0000000800000000, Narrow klass shift: 3
Compressed class space size: 1073741824 Address: 0x0000000840000000

Heap:
 garbage-first heap   total 126976K, used 23240K [0x0000000087e00000, 0x0000000100000000)
  region size 1024K, 21 young (21504K), 0 survivors (0K)
 Metaspace       used 7409K, capacity 8874K, committed 8960K, reserved 1056768K
  class space    used 811K, capacity 1009K, committed 1024K, reserved 1048576K
Heap Regions: E=young(eden), S=young(survivor), O=old, HS=humongous(starts), HC=humongous(continues), CS=collection set, F=free, A=archive, TAMS=top-at-mark-start (previous, next)
|   0|0x0000000087e00000, 0x0000000087f00000, 0x0000000087f00000|100%|HS|  |TAMS 0x0000000087e00000, 0x0000000087e00000| Complete 
|   1|0x0000000087f00000, 0x0000000088000000, 0x0000000088000000|100%|HS|  |TAMS 0x0000000087f00000, 0x0000000087f00000| Complete 
|   2|0x0000000088000000, 0x0000000088000000, 0x0000000088100000|  0%| F|  |TAMS 0x0000000088000000, 0x0000000088000000| Untracked 
|   3|0x0000000088100000, 0x0000000088100000, 0x0000000088200000|  0%| F|  |TAMS 0x0000000088100000, 0x0000000088100000| Untracked 
|   4|0x0000000088200000, 0x0000000088200000, 0x0000000088300000|  0%| F|  |TAMS 0x0000000088200000, 0x0000000088200000| Untracked 
|   5|0x0000000088300000, 0x0000000088300000, 0x0000000088400000|  0%| F|  |TAMS 0x0000000088300000, 0x0000000088300000| Untracked 
|   6|0x0000000088400000, 0x0000000088400000, 0x0000000088500000|  0%| F|  |TAMS 0x0000000088400000, 0x0000000088400000| Untracked 
|   7|0x0000000088500000, 0x0000000088500000, 0x0000000088600000|  0%| F|  |TAMS 0x0000000088500000, 0x0000000088500000| Untracked 
|   8|0x0000000088600000, 0x0000000088600000, 0x0000000088700000|  0%| F|  |TAMS 0x0000000088600000, 0x0000000088600000| Untracked 
|   9|0x0000000088700000, 0x0000000088700000, 0x0000000088800000|  0%| F|  |TAMS 0x0000000088700000, 0x0000000088700000| Untracked 
|  10|0x0000000088800000, 0x0000000088800000, 0x0000000088900000|  0%| F|  |TAMS 0x0000000088800000, 0x0000000088800000| Untracked 
|  11|0x0000000088900000, 0x0000000088900000, 0x0000000088a00000|  0%| F|  |TAMS 0x0000000088900000, 0x0000000088900000| Untracked 
|  12|0x0000000088a00000, 0x0000000088a00000, 0x0000000088b00000|  0%| F|  |TAMS 0x0000000088a00000, 0x0000000088a00000| Untracked 
|  13|0x0000000088b00000, 0x0000000088b00000, 0x0000000088c00000|  0%| F|  |TAMS 0x0000000088b00000, 0x0000000088b00000| Untracked 
|  14|0x0000000088c00000, 0x0000000088c00000, 0x0000000088d00000|  0%| F|  |TAMS 0x0000000088c00000, 0x0000000088c00000| Untracked 
|  15|0x0000000088d00000, 0x0000000088d00000, 0x0000000088e00000|  0%| F|  |TAMS 0x0000000088d00000, 0x0000000088d00000| Untracked 
|  16|0x0000000088e00000, 0x0000000088e00000, 0x0000000088f00000|  0%| F|  |TAMS 0x0000000088e00000, 0x0000000088e00000| Untracked 
|  17|0x0000000088f00000, 0x0000000088f00000, 0x0000000089000000|  0%| F|  |TAMS 0x0000000088f00000, 0x0000000088f00000| Untracked 
|  18|0x0000000089000000, 0x0000000089000000, 0x0000000089100000|  0%| F|  |TAMS 0x0000000089000000, 0x0000000089000000| Untracked 
|  19|0x0000000089100000, 0x0000000089100000, 0x0000000089200000|  0%| F|  |TAMS 0x0000000089100000, 0x0000000089100000| Untracked 
|  20|0x0000000089200000, 0x0000000089200000, 0x0000000089300000|  0%| F|  |TAMS 0x0000000089200000, 0x0000000089200000| Untracked 
|  21|0x0000000089300000, 0x0000000089300000, 0x0000000089400000|  0%| F|  |TAMS 0x0000000089300000, 0x0000000089300000| Untracked 
|  22|0x0000000089400000, 0x0000000089400000, 0x0000000089500000|  0%| F|  |TAMS 0x0000000089400000, 0x0000000089400000| Untracked 
|  23|0x0000000089500000, 0x0000000089500000, 0x0000000089600000|  0%| F|  |TAMS 0x0000000089500000, 0x0000000089500000| Untracked 
|  24|0x0000000089600000, 0x0000000089600000, 0x0000000089700000|  0%| F|  |TAMS 0x0000000089600000, 0x0000000089600000| Untracked 
|  25|0x0000000089700000, 0x0000000089700000, 0x0000000089800000|  0%| F|  |TAMS 0x0000000089700000, 0x0000000089700000| Untracked 
|  26|0x0000000089800000, 0x0000000089800000, 0x0000000089900000|  0%| F|  |TAMS 0x0000000089800000, 0x0000000089800000| Untracked 
|  27|0x0000000089900000, 0x0000000089900000, 0x0000000089a00000|  0%| F|  |TAMS 0x0000000089900000, 0x0000000089900000| Untracked 
|  28|0x0000000089a00000, 0x0000000089a00000, 0x0000000089b00000|  0%| F|  |TAMS 0x0000000089a00000, 0x0000000089a00000| Untracked 
|  29|0x0000000089b00000, 0x0000000089b00000, 0x0000000089c00000|  0%| F|  |TAMS 0x0000000089b00000, 0x0000000089b00000| Untracked 
|  30|0x0000000089c00000, 0x0000000089c00000, 0x0000000089d00000|  0%| F|  |TAMS 0x0000000089c00000, 0x0000000089c00000| Untracked 
|  31|0x0000000089d00000, 0x0000000089d00000, 0x0000000089e00000|  0%| F|  |TAMS 0x0000000089d00000, 0x0000000089d00000| Untracked 
|  32|0x0000000089e00000, 0x0000000089e00000, 0x0000000089f00000|  0%| F|  |TAMS 0x0000000089e00000, 0x0000000089e00000| Untracked 
|  33|0x0000000089f00000, 0x0000000089f00000, 0x000000008a000000|  0%| F|  |TAMS 0x0000000089f00000, 0x0000000089f00000| Untracked 
|  34|0x000000008a000000, 0x000000008a000000, 0x000000008a100000|  0%| F|  |TAMS 0x000000008a000000, 0x000000008a000000| Untracked 
|  35|0x000000008a100000, 0x000000008a100000, 0x000000008a200000|  0%| F|  |TAMS 0x000000008a100000, 0x000000008a100000| Untracked 
|  36|0x000000008a200000, 0x000000008a200000, 0x000000008a300000|  0%| F|  |TAMS 0x000000008a200000, 0x000000008a200000| Untracked 
|  37|0x000000008a300000, 0x000000008a300000, 0x000000008a400000|  0%| F|  |TAMS 0x000000008a300000, 0x000000008a300000| Untracked 
|  38|0x000000008a400000, 0x000000008a400000, 0x000000008a500000|  0%| F|  |TAMS 0x000000008a400000, 0x000000008a400000| Untracked 
|  39|0x000000008a500000, 0x000000008a500000, 0x000000008a600000|  0%| F|  |TAMS 0x000000008a500000, 0x000000008a500000| Untracked 
|  40|0x000000008a600000, 0x000000008a600000, 0x000000008a700000|  0%| F|  |TAMS 0x000000008a600000, 0x000000008a600000| Untracked 
|  41|0x000000008a700000, 0x000000008a700000, 0x000000008a800000|  0%| F|  |TAMS 0x000000008a700000, 0x000000008a700000| Untracked 
|  42|0x000000008a800000, 0x000000008a800000, 0x000000008a900000|  0%| F|  |TAMS 0x000000008a800000, 0x000000008a800000| Untracked 
|  43|0x000000008a900000, 0x000000008a900000, 0x000000008aa00000|  0%| F|  |TAMS 0x000000008a900000, 0x000000008a900000| Untracked 
|  44|0x000000008aa00000, 0x000000008aa00000, 0x000000008ab00000|  0%| F|  |TAMS 0x000000008aa00000, 0x000000008aa00000| Untracked 
|  45|0x000000008ab00000, 0x000000008ab00000, 0x000000008ac00000|  0%| F|  |TAMS 0x000000008ab00000, 0x000000008ab00000| Untracked 
|  46|0x000000008ac00000, 0x000000008ac00000, 0x000000008ad00000|  0%| F|  |TAMS 0x000000008ac00000, 0x000000008ac00000| Untracked 
|  47|0x000000008ad00000, 0x000000008ad00000, 0x000000008ae00000|  0%| F|  |TAMS 0x000000008ad00000, 0x000000008ad00000| Untracked 
|  48|0x000000008ae00000, 0x000000008ae00000, 0x000000008af00000|  0%| F|  |TAMS 0x000000008ae00000, 0x000000008ae00000| Untracked 
|  49|0x000000008af00000, 0x000000008af00000, 0x000000008b000000|  0%| F|  |TAMS 0x000000008af00000, 0x000000008af00000| Untracked 
|  50|0x000000008b000000, 0x000000008b000000, 0x000000008b100000|  0%| F|  |TAMS 0x000000008b000000, 0x000000008b000000| Untracked 
|  51|0x000000008b100000, 0x000000008b100000, 0x000000008b200000|  0%| F|  |TAMS 0x000000008b100000, 0x000000008b100000| Untracked 
|  52|0x000000008b200000, 0x000000008b200000, 0x000000008b300000|  0%| F|  |TAMS 0x000000008b200000, 0x000000008b200000| Untracked 
|  53|0x000000008b300000, 0x000000008b300000, 0x000000008b400000|  0%| F|  |TAMS 0x000000008b300000, 0x000000008b300000| Untracked 
|  54|0x000000008b400000, 0x000000008b400000, 0x000000008b500000|  0%| F|  |TAMS 0x000000008b400000, 0x000000008b400000| Untracked 
|  55|0x000000008b500000, 0x000000008b500000, 0x000000008b600000|  0%| F|  |TAMS 0x000000008b500000, 0x000000008b500000| Untracked 
|  56|0x000000008b600000, 0x000000008b600000, 0x000000008b700000|  0%| F|  |TAMS 0x000000008b600000, 0x000000008b600000| Untracked 
|  57|0x000000008b700000, 0x000000008b700000, 0x000000008b800000|  0%| F|  |TAMS 0x000000008b700000, 0x000000008b700000| Untracked 
|  58|0x000000008b800000, 0x000000008b800000, 0x000000008b900000|  0%| F|  |TAMS 0x000000008b800000, 0x000000008b800000| Untracked 
|  59|0x000000008b900000, 0x000000008b900000, 0x000000008ba00000|  0%| F|  |TAMS 0x000000008b900000, 0x000000008b900000| Untracked 
|  60|0x000000008ba00000, 0x000000008ba00000, 0x000000008bb00000|  0%| F|  |TAMS 0x000000008ba00000, 0x000000008ba00000| Untracked 
|  61|0x000000008bb00000, 0x000000008bb00000, 0x000000008bc00000|  0%| F|  |TAMS 0x000000008bb00000, 0x000000008bb00000| Untracked 
|  62|0x000000008bc00000, 0x000000008bc00000, 0x000000008bd00000|  0%| F|  |TAMS 0x000000008bc00000, 0x000000008bc00000| Untracked 
|  63|0x000000008bd00000, 0x000000008bd00000, 0x000000008be00000|  0%| F|  |TAMS 0x000000008bd00000, 0x000000008bd00000| Untracked 
|  64|0x000000008be00000, 0x000000008be00000, 0x000000008bf00000|  0%| F|  |TAMS 0x000000008be00000, 0x000000008be00000| Untracked 
|  65|0x000000008bf00000, 0x000000008bf00000, 0x000000008c000000|  0%| F|  |TAMS 0x000000008bf00000, 0x000000008bf00000| Untracked 
|  66|0x000000008c000000, 0x000000008c000000, 0x000000008c100000|  0%| F|  |TAMS 0x000000008c000000, 0x000000008c000000| Untracked 
|  67|0x000000008c100000, 0x000000008c100000, 0x000000008c200000|  0%| F|  |TAMS 0x000000008c100000, 0x000000008c100000| Untracked 
|  68|0x000000008c200000, 0x000000008c200000, 0x000000008c300000|  0%| F|  |TAMS 0x000000008c200000, 0x000000008c200000| Untracked 
|  69|0x000000008c300000, 0x000000008c300000, 0x000000008c400000|  0%| F|  |TAMS 0x000000008c300000, 0x000000008c300000| Untracked 
|  70|0x000000008c400000, 0x000000008c400000, 0x000000008c500000|  0%| F|  |TAMS 0x000000008c400000, 0x000000008c400000| Untracked 
|  71|0x000000008c500000, 0x000000008c500000, 0x000000008c600000|  0%| F|  |TAMS 0x000000008c500000, 0x000000008c500000| Untracked 
|  72|0x000000008c600000, 0x000000008c600000, 0x000000008c700000|  0%| F|  |TAMS 0x000000008c600000, 0x000000008c600000| Untracked 
|  73|0x000000008c700000, 0x000000008c700000, 0x000000008c800000|  0%| F|  |TAMS 0x000000008c700000, 0x000000008c700000| Untracked 
|  74|0x000000008c800000, 0x000000008c800000, 0x000000008c900000|  0%| F|  |TAMS 0x000000008c800000, 0x000000008c800000| Untracked 
|  75|0x000000008c900000, 0x000000008c900000, 0x000000008ca00000|  0%| F|  |TAMS 0x000000008c900000, 0x000000008c900000| Untracked 
|  76|0x000000008ca00000, 0x000000008ca00000, 0x000000008cb00000|  0%| F|  |TAMS 0x000000008ca00000, 0x000000008ca00000| Untracked 
|  77|0x000000008cb00000, 0x000000008cb00000, 0x000000008cc00000|  0%| F|  |TAMS 0x000000008cb00000, 0x000000008cb00000| Untracked 
|  78|0x000000008cc00000, 0x000000008cc00000, 0x000000008cd00000|  0%| F|  |TAMS 0x000000008cc00000, 0x000000008cc00000| Untracked 
|  79|0x000000008cd00000, 0x000000008cd00000, 0x000000008ce00000|  0%| F|  |TAMS 0x000000008cd00000, 0x000000008cd00000| Untracked 
|  80|0x000000008ce00000, 0x000000008ce00000, 0x000000008cf00000|  0%| F|  |TAMS 0x000000008ce00000, 0x000000008ce00000| Untracked 
|  81|0x000000008cf00000, 0x000000008cf00000, 0x000000008d000000|  0%| F|  |TAMS 0x000000008cf00000, 0x000000008cf00000| Untracked 
|  82|0x000000008d000000, 0x000000008d000000, 0x000000008d100000|  0%| F|  |TAMS 0x000000008d000000, 0x000000008d000000| Untracked 
|  83|0x000000008d100000, 0x000000008d100000, 0x000000008d200000|  0%| F|  |TAMS 0x000000008d100000, 0x000000008d100000| Untracked 
|  84|0x000000008d200000, 0x000000008d200000, 0x000000008d300000|  0%| F|  |TAMS 0x000000008d200000, 0x000000008d200000| Untracked 
|  85|0x000000008d300000, 0x000000008d300000, 0x000000008d400000|  0%| F|  |TAMS 0x000000008d300000, 0x000000008d300000| Untracked 
|  86|0x000000008d400000, 0x000000008d400000, 0x000000008d500000|  0%| F|  |TAMS 0x000000008d400000, 0x000000008d400000| Untracked 
|  87|0x000000008d500000, 0x000000008d500000, 0x000000008d600000|  0%| F|  |TAMS 0x000000008d500000, 0x000000008d500000| Untracked 
|  88|0x000000008d600000, 0x000000008d600000, 0x000000008d700000|  0%| F|  |TAMS 0x000000008d600000, 0x000000008d600000| Untracked 
|  89|0x000000008d700000, 0x000000008d700000, 0x000000008d800000|  0%| F|  |TAMS 0x000000008d700000, 0x000000008d700000| Untracked 
|  90|0x000000008d800000, 0x000000008d800000, 0x000000008d900000|  0%| F|  |TAMS 0x000000008d800000, 0x000000008d800000| Untracked 
|  91|0x000000008d900000, 0x000000008d900000, 0x000000008da00000|  0%| F|  |TAMS 0x000000008d900000, 0x000000008d900000| Untracked 
|  92|0x000000008da00000, 0x000000008da00000, 0x000000008db00000|  0%| F|  |TAMS 0x000000008da00000, 0x000000008da00000| Untracked 
|  93|0x000000008db00000, 0x000000008db00000, 0x000000008dc00000|  0%| F|  |TAMS 0x000000008db00000, 0x000000008db00000| Untracked 
|  94|0x000000008dc00000, 0x000000008dc00000, 0x000000008dd00000|  0%| F|  |TAMS 0x000000008dc00000, 0x000000008dc00000| Untracked 
|  95|0x000000008dd00000, 0x000000008dd00000, 0x000000008de00000|  0%| F|  |TAMS 0x000000008dd00000, 0x000000008dd00000| Untracked 
|  96|0x000000008de00000, 0x000000008de00000, 0x000000008df00000|  0%| F|  |TAMS 0x000000008de00000, 0x000000008de00000| Untracked 
|  97|0x000000008df00000, 0x000000008df00000, 0x000000008e000000|  0%| F|  |TAMS 0x000000008df00000, 0x000000008df00000| Untracked 
|  98|0x000000008e000000, 0x000000008e000000, 0x000000008e100000|  0%| F|  |TAMS 0x000000008e000000, 0x000000008e000000| Untracked 
|  99|0x000000008e100000, 0x000000008e100000, 0x000000008e200000|  0%| F|  |TAMS 0x000000008e100000, 0x000000008e100000| Untracked 
| 100|0x000000008e200000, 0x000000008e200000, 0x000000008e300000|  0%| F|  |TAMS 0x000000008e200000, 0x000000008e200000| Untracked 
| 101|0x000000008e300000, 0x000000008e400000, 0x000000008e400000|100%| E|  |TAMS 0x000000008e300000, 0x000000008e300000| Complete 
| 102|0x000000008e400000, 0x000000008e500000, 0x000000008e500000|100%| E|CS|TAMS 0x000000008e400000, 0x000000008e400000| Complete 
| 103|0x000000008e500000, 0x000000008e600000, 0x000000008e600000|100%| E|CS|TAMS 0x000000008e500000, 0x000000008e500000| Complete 
| 104|0x000000008e600000, 0x000000008e700000, 0x000000008e700000|100%| E|CS|TAMS 0x000000008e600000, 0x000000008e600000| Complete 
| 105|0x000000008e700000, 0x000000008e800000, 0x000000008e800000|100%| E|CS|TAMS 0x000000008e700000, 0x000000008e700000| Complete 
| 106|0x000000008e800000, 0x000000008e900000, 0x000000008e900000|100%| E|CS|TAMS 0x000000008e800000, 0x000000008e800000| Complete 
| 107|0x000000008e900000, 0x000000008ea00000, 0x000000008ea00000|100%| E|CS|TAMS 0x000000008e900000, 0x000000008e900000| Complete 
| 108|0x000000008ea00000, 0x000000008eb00000, 0x000000008eb00000|100%| E|CS|TAMS 0x000000008ea00000, 0x000000008ea00000| Complete 
| 109|0x000000008eb00000, 0x000000008ec00000, 0x000000008ec00000|100%| E|CS|TAMS 0x000000008eb00000, 0x000000008eb00000| Complete 
| 110|0x000000008ec00000, 0x000000008ed00000, 0x000000008ed00000|100%| E|CS|TAMS 0x000000008ec00000, 0x000000008ec00000| Complete 
| 111|0x000000008ed00000, 0x000000008ee00000, 0x000000008ee00000|100%| E|CS|TAMS 0x000000008ed00000, 0x000000008ed00000| Complete 
| 112|0x000000008ee00000, 0x000000008ef00000, 0x000000008ef00000|100%| E|CS|TAMS 0x000000008ee00000, 0x000000008ee00000| Complete 
| 113|0x000000008ef00000, 0x000000008f000000, 0x000000008f000000|100%| E|CS|TAMS 0x000000008ef00000, 0x000000008ef00000| Complete 
| 114|0x000000008f000000, 0x000000008f100000, 0x000000008f100000|100%| E|CS|TAMS 0x000000008f000000, 0x000000008f000000| Complete 
| 115|0x000000008f100000, 0x000000008f200000, 0x000000008f200000|100%| E|CS|TAMS 0x000000008f100000, 0x000000008f100000| Complete 
| 116|0x000000008f200000, 0x000000008f300000, 0x000000008f300000|100%| E|CS|TAMS 0x000000008f200000, 0x000000008f200000| Complete 
| 117|0x000000008f300000, 0x000000008f400000, 0x000000008f400000|100%| E|CS|TAMS 0x000000008f300000, 0x000000008f300000| Complete 
| 118|0x000000008f400000, 0x000000008f500000, 0x000000008f500000|100%| E|CS|TAMS 0x000000008f400000, 0x000000008f400000| Complete 
| 119|0x000000008f500000, 0x000000008f600000, 0x000000008f600000|100%| E|CS|TAMS 0x000000008f500000, 0x000000008f500000| Complete 
| 120|0x000000008f600000, 0x000000008f700000, 0x000000008f700000|100%| E|CS|TAMS 0x000000008f600000, 0x000000008f600000| Complete 
| 121|0x000000008f700000, 0x000000008f800000, 0x000000008f800000|100%| E|CS|TAMS 0x000000008f700000, 0x000000008f700000| Complete 
|1920|0x00000000ffe00000, 0x00000000ffe47000, 0x00000000fff00000| 27%|OA|  |TAMS 0x00000000ffe00000, 0x00000000ffe00000| Untracked 
|1921|0x00000000fff00000, 0x00000000fff6b000, 0x0000000100000000| 41%|CA|  |TAMS 0x00000000fff00000, 0x00000000fff00000| Untracked 

Card table byte_map: [0x00007f3471c25000,0x00007f3471fe6000] _byte_map_base: 0x00007f34717e6000

Marking Bits (Prev, Next): (CMBitMap*) 0x00007f346c057df8, (CMBitMap*) 0x00007f346c057e30
 Prev Bits: [0x00007f344e1f8000, 0x00007f3450000000)
 Next Bits: [0x00007f344c3f0000, 0x00007f344e1f8000)

Polling page: 0x00007f3472ed0000

Metaspace:

Usage:
  Non-class:      7,68 MB capacity,     6,44 MB ( 84%) used,     1,22 MB ( 16%) free+waste,    17,94 KB ( <1%) overhead. 
      Class:   1009,00 KB capacity,   811,03 KB ( 80%) used,   188,28 KB ( 19%) free+waste,     9,69 KB ( <1%) overhead. 
       Both:      8,67 MB capacity,     7,24 MB ( 83%) used,     1,40 MB ( 16%) free+waste,    27,62 KB ( <1%) overhead. 

Virtual space:
  Non-class space:        8,00 MB reserved,       7,75 MB ( 97%) committed 
      Class space:        1,00 GB reserved,       1,00 MB ( <1%) committed 
             Both:        1,01 GB reserved,       8,75 MB ( <1%) committed 

Chunk freelists:
   Non-Class:  39,00 KB
       Class:  15,00 KB
        Both:  54,00 KB

MaxMetaspaceSize: unlimited
CompressedClassSpaceSize: 1,00 GB

CodeHeap 'non-profiled nmethods': size=120032Kb used=259Kb max_used=259Kb free=119772Kb
 bounds [0x00007f345c340000, 0x00007f345c5b0000, 0x00007f3463878000]
CodeHeap 'profiled nmethods': size=120028Kb used=1687Kb max_used=1687Kb free=118340Kb
 bounds [0x00007f3454e09000, 0x00007f3455079000, 0x00007f345c340000]
CodeHeap 'non-nmethods': size=5700Kb used=1176Kb max_used=1188Kb free=4523Kb
 bounds [0x00007f3454878000, 0x00007f3454ae8000, 0x00007f3454e09000]
 total_blobs=1442 nmethods=896 adapters=459
 compilation: enabled
              stopped_count=0, restarted_count=0
 full_count=0

Compilation events (20 events):
Event: 1,841 Thread 0x00007f346c195800  888   !   3       jdk.internal.loader.Resource::getBytes (242 bytes)
Event: 1,843 Thread 0x00007f346c195800 nmethod 888 0x00007f3454fa3010 code [0x00007f3454fa3360, 0x00007f3454fa4dc0]
Event: 1,843 Thread 0x00007f346c195800  884       3       sun.net.www.protocol.jar.Handler::parseContextSpec (150 bytes)
Event: 1,846 Thread 0x00007f346c195800 nmethod 884 0x00007f3454fa5790 code [0x00007f3454fa5c80, 0x00007f3454fa7f30]
Event: 1,846 Thread 0x00007f346c195800  885       3       sun.net.www.protocol.jar.Handler::indexOfBangSlash (52 bytes)
Event: 1,847 Thread 0x00007f346c195800 nmethod 885 0x00007f3454fa8b10 code [0x00007f3454fa8d80, 0x00007f3454fa9830]
Event: 1,847 Thread 0x00007f346c195800  886       3       sun.net.www.ParseUtil::canonizeString (38 bytes)
Event: 1,848 Thread 0x00007f346c195800 nmethod 886 0x00007f3454fa9c10 code [0x00007f3454fa9e60, 0x00007f3454faa5f0]
Event: 1,848 Thread 0x00007f346c195800  887       3       java.net.URLStreamHandler::setURL (159 bytes)
Event: 1,850 Thread 0x00007f346c193800  893       4       java.lang.String::indexOf (7 bytes)
Event: 1,850 Thread 0x00007f346c195800 nmethod 887 0x00007f3454faa910 code [0x00007f3454faac80, 0x00007f3454fac100]
Event: 1,850 Thread 0x00007f346c195800  890       3       jdk.internal.loader.URLClassPath$JarLoader$2::getCodeSourceURL (8 bytes)
Event: 1,850 Thread 0x00007f346c195800 nmethod 890 0x00007f3454fac890 code [0x00007f3454faca40, 0x00007f3454facb70]
Event: 1,850 Thread 0x00007f346c195800  892       3       java.lang.invoke.LambdaFormEditor$Transform::bval (26 bytes)
Event: 1,850 Thread 0x00007f346c195800 nmethod 892 0x00007f3454facc10 code [0x00007f3454facdc0, 0x00007f3454faceb0]
Event: 1,851 Thread 0x00007f346c195800  894       3       java.nio.charset.CoderResult::isUnderflow (13 bytes)
Event: 1,851 Thread 0x00007f346c195800 nmethod 894 0x00007f3454facf10 code [0x00007f3454fad0c0, 0x00007f3454fad230]
Event: 1,851 Thread 0x00007f346c195800  895       3       java.security.SecureClassLoader$CodeSourceKey::equals (56 bytes)
Event: 1,851 Thread 0x00007f346c195800 nmethod 895 0x00007f3454fad290 code [0x00007f3454fad4a0, 0x00007f3454fadaf0]
Event: 1,851 Thread 0x00007f346c195800  896       3       java.security.CodeSource::matchCerts (254 bytes)

GC Heap History (0 events):
No events

Deoptimization events (20 events):
Event: 1,135 Thread 0x00007f346c018000 DEOPT PACKING pc=0x00007f345c349324 sp=0x00007f34730070c0
Event: 1,135 Thread 0x00007f346c018000 DEOPT UNPACKING pc=0x00007f345489d925 sp=0x00007f3473007070 mode 2
Event: 1,135 Thread 0x00007f346c018000 Uncommon trap: trap_request=0xffffffc6 fr.pc=0x00007f345c349324 relative=0x0000000000000084
Event: 1,135 Thread 0x00007f346c018000 Uncommon trap: reason=bimorphic_or_optimized_type_check action=maybe_recompile pc=0x00007f345c349324 method=java.util.AbstractCollection.isEmpty()Z @ 1 c2
Event: 1,135 Thread 0x00007f346c018000 DEOPT PACKING pc=0x00007f345c349324 sp=0x00007f3473007290
Event: 1,135 Thread 0x00007f346c018000 DEOPT UNPACKING pc=0x00007f345489d925 sp=0x00007f3473007240 mode 2
Event: 1,237 Thread 0x00007f346c018000 DEOPT PACKING pc=0x00007f3454ea92a4 sp=0x00007f3473007ce0
Event: 1,237 Thread 0x00007f346c018000 DEOPT UNPACKING pc=0x00007f345489e0ca sp=0x00007f3473007158 mode 0
Event: 1,271 Thread 0x00007f346c018000 DEOPT PACKING pc=0x00007f3454ebffc2 sp=0x00007f3473001bd0
Event: 1,271 Thread 0x00007f346c018000 DEOPT UNPACKING pc=0x00007f345489e0ca sp=0x00007f3473001058 mode 0
Event: 1,300 Thread 0x00007f346c018000 DEOPT PACKING pc=0x00007f3454e49508 sp=0x00007f3473005d90
Event: 1,300 Thread 0x00007f346c018000 DEOPT UNPACKING pc=0x00007f345489e0ca sp=0x00007f3473005200 mode 0
Event: 1,429 Thread 0x00007f346c018000 Uncommon trap: trap_request=0xffffff4d fr.pc=0x00007f345c34c680 relative=0x0000000000000c80
Event: 1,429 Thread 0x00007f346c018000 Uncommon trap: reason=unstable_if action=reinterpret pc=0x00007f345c34c680 method=java.util.HashMap.putVal(ILjava/lang/Object;Ljava/lang/Object;ZZ)Ljava/lang/Object; @ 181 c2
Event: 1,429 Thread 0x00007f346c018000 DEOPT PACKING pc=0x00007f345c34c680 sp=0x00007f3473008480
Event: 1,429 Thread 0x00007f346c018000 DEOPT UNPACKING pc=0x00007f345489d925 sp=0x00007f3473008420 mode 2
Event: 1,459 Thread 0x00007f346c018000 Uncommon trap: trap_request=0xffffff4d fr.pc=0x00007f345c36ed14 relative=0x0000000000000554
Event: 1,459 Thread 0x00007f346c018000 Uncommon trap: reason=unstable_if action=reinterpret pc=0x00007f345c36ed14 method=java.lang.AbstractStringBuilder.append(Ljava/lang/String;)Ljava/lang/AbstractStringBuilder; @ 1 c2
Event: 1,459 Thread 0x00007f346c018000 DEOPT PACKING pc=0x00007f345c36ed14 sp=0x00007f3473009650
Event: 1,459 Thread 0x00007f346c018000 DEOPT UNPACKING pc=0x00007f345489d925 sp=0x00007f34730095d0 mode 2

Classes redefined (0 events):
No events

Internal exceptions (20 events):
Event: 1,161 Thread 0x00007f346c018000 Exception <a 'java/io/FileNotFoundException'{0x000000008f3f0538}> (0x000000008f3f0538) thrown at [src/hotspot/share/prims/jni.cpp, line 615]
Event: 1,178 Thread 0x00007f346c018000 Exception <a 'java/lang/NoSuchMethodError'{0x000000008f2cf490}: 'java.lang.Object java.lang.invoke.DirectMethodHandle$Holder.invokeStatic(java.lang.Object, java.lang.Object, java.lang.Object, java.lang.Object, java.lang.Object, java.lang.Object, java.lang.Object, java.lang.Object, java.lang.Object, java.lang.Object, java.lang.Object, java.lang.Object, java.lang.Object, java.lang.Object, java.lang.Object)'> (0x000000008f2cf490) thrown at [src/hotspot/share/interpreter/linkResolver.cpp, line 772]
Event: 1,180 Thread 0x00007f346c018000 Exception <a 'java/lang/NoSuchMethodError'{0x000000008f2dd120}: 'java.lang.Object java.lang.invoke.DirectMethodHandle$Holder.invokeStatic(java.lang.Object, java.lang.Object, java.lang.Object, java.lang.Object, java.lang.Object, java.lang.Object, java.lang.Object, java.lang.Object, java.lang.Object, java.lang.Object, java.lang.Object, java.lang.Object, java.lang.Object, java.lang.Object, java.lang.Object, java.lang.Object)'> (0x000000008f2dd120) thrown at [src/hotspot/share/interpreter/linkResolver.cpp, lin
Event: 1,182 Thread 0x00007f346c018000 Exception <a 'java/lang/NoSuchMethodError'{0x000000008f2ead90}: 'java.lang.Object java.lang.invoke.DirectMethodHandle$Holder.invokeSpecial(java.lang.Object, java.lang.Object, int, int, java.lang.Object, java.lang.Object, java.lang.Object)'> (0x000000008f2ead90) thrown at [src/hotspot/share/interpreter/linkResolver.cpp, line 772]
Event: 1,183 Thread 0x00007f346c018000 Exception <a 'java/lang/NoSuchMethodError'{0x000000008f2ee320}: 'java.lang.Object java.lang.invoke.DelegatingMethodHandle$Holder.reinvoke_L(java.lang.Object, int, int, java.lang.Object, java.lang.Object, java.lang.Object)'> (0x000000008f2ee320) thrown at [src/hotspot/share/interpreter/linkResolver.cpp, line 772]
Event: 1,183 Thread 0x00007f346c018000 Exception <a 'java/lang/NoSuchMethodError'{0x000000008f2f26a8}: 'java.lang.Object java.lang.invoke.DirectMethodHandle$Holder.invokeStatic(java.lang.Object, java.lang.Object, java.lang.Object, java.lang.Object, int)'> (0x000000008f2f26a8) thrown at [src/hotspot/share/interpreter/linkResolver.cpp, line 772]
Event: 1,212 Thread 0x00007f346c018000 Exception <a 'java/lang/NoSuchMethodError'{0x000000008f1eaf78}: 'java.lang.Object java.lang.invoke.DirectMethodHandle$Holder.invokeStatic(java.lang.Object, java.lang.Object, int, java.lang.Object)'> (0x000000008f1eaf78) thrown at [src/hotspot/share/interpreter/linkResolver.cpp, line 772]
Event: 1,212 Thread 0x00007f346c018000 Exception <a 'java/lang/NoSuchMethodError'{0x000000008f1ee1c8}: 'java.lang.Object java.lang.invoke.DirectMethodHandle$Holder.invokeStaticInit(java.lang.Object, java.lang.Object, int, java.lang.Object)'> (0x000000008f1ee1c8) thrown at [src/hotspot/share/interpreter/linkResolver.cpp, line 772]
Event: 1,213 Thread 0x00007f346c018000 Exception <a 'java/lang/NoSuchMethodError'{0x000000008f1f4d98}: 'java.lang.Object java.lang.invoke.Invokers$Holder.linkToTargetMethod(java.lang.Object, int, java.lang.Object)'> (0x000000008f1f4d98) thrown at [src/hotspot/share/interpreter/linkResolver.cpp, line 772]
Event: 1,221 Thread 0x00007f346c018000 Exception <a 'java/lang/NoClassDefFoundError'{0x000000008f021590}: org/slf4j/impl/StaticLoggerBinder> (0x000000008f021590) thrown at [src/hotspot/share/classfile/systemDictionary.cpp, line 220]
Event: 1,227 Thread 0x00007f346c018000 Exception <a 'java/lang/NoSuchMethodError'{0x000000008f049850}: 'int java.lang.invoke.DirectMethodHandle$Holder.invokeSpecialIFC(java.lang.Object, java.lang.Object, int)'> (0x000000008f049850) thrown at [src/hotspot/share/interpreter/linkResolver.cpp, line 772]
Event: 1,233 Thread 0x00007f346c018000 Exception <a 'java/lang/NoSuchMethodError'{0x000000008f05fbe0}: 'void java.lang.invoke.DirectMethodHandle$Holder.invokeVirtual(java.lang.Object, java.lang.Object)'> (0x000000008f05fbe0) thrown at [src/hotspot/share/interpreter/linkResolver.cpp, line 772]
Event: 1,447 Thread 0x00007f346c018000 Exception <a 'java/lang/NoSuchMethodError'{0x000000008e6d2aa8}: 'java.lang.Object java.lang.invoke.DirectMethodHandle$Holder.invokeStaticInit(java.lang.Object, java.lang.Object, long, java.lang.Object)'> (0x000000008e6d2aa8) thrown at [src/hotspot/share/interpreter/linkResolver.cpp, line 772]
Event: 1,448 Thread 0x00007f346c018000 Exception <a 'java/lang/NoSuchMethodError'{0x000000008e6debc8}: 'java.lang.Object java.lang.invoke.Invokers$Holder.linkToTargetMethod(java.lang.Object, long, java.lang.Object)'> (0x000000008e6debc8) thrown at [src/hotspot/share/interpreter/linkResolver.cpp, line 772]
Event: 1,449 Thread 0x00007f346c018000 Exception <a 'java/lang/NoSuchMethodError'{0x000000008e6e5608}: 'java.lang.Object java.lang.invoke.DirectMethodHandle$Holder.invokeStatic(java.lang.Object, java.lang.Object, java.lang.Object, int)'> (0x000000008e6e5608) thrown at [src/hotspot/share/interpreter/linkResolver.cpp, line 772]
Event: 1,449 Thread 0x00007f346c018000 Exception <a 'java/lang/NoSuchMethodError'{0x000000008e6e8f20}: 'java.lang.Object java.lang.invoke.DirectMethodHandle$Holder.invokeSpecial(java.lang.Object, java.lang.Object, java.lang.Object, java.lang.Object, int)'> (0x000000008e6e8f20) thrown at [src/hotspot/share/interpreter/linkResolver.cpp, line 772]
Event: 1,450 Thread 0x00007f346c018000 Exception <a 'java/lang/NoSuchMethodError'{0x000000008e6ebf88}: 'java.lang.Object java.lang.invoke.Invokers$Holder.linkToTargetMethod(java.lang.Object, java.lang.Object, int, java.lang.Object)'> (0x000000008e6ebf88) thrown at [src/hotspot/share/interpreter/linkResolver.cpp, line 772]
Event: 1,459 Thread 0x00007f346c018000 Implicit null exception at 0x00007f345c36e803 to 0x00007f345c36ecfc
Event: 1,460 Thread 0x00007f346c018000 Exception <a 'java/lang/UnsatisfiedLinkError'{0x000000008e5495f0}: libcudart.so: cannot open shared object file: No such file or directory> (0x000000008e5495f0) thrown at [src/hotspot/share/prims/jni.cpp, line 636]
Event: 1,460 Thread 0x00007f346c018000 Exception <a 'java/lang/UnsatisfiedLinkError'{0x000000008e54b440}: libcudart.so: cannot open shared object file: No such file or directory> (0x000000008e54b440) thrown at [src/hotspot/share/prims/jni.cpp, line 636]

Events (20 events):
Event: 1,845 loading class java/util/UUID$Holder
Event: 1,845 loading class java/util/UUID$Holder done
Event: 1,845 loading class ai/djl/ndarray/types/DataType
Event: 1,845 loading class ai/djl/ndarray/types/DataType done
Event: 1,846 loading class ai/djl/ndarray/types/DataType$Format
Event: 1,846 loading class ai/djl/ndarray/types/DataType$Format done
Event: 1,846 loading class ai/djl/util/ClassLoaderUtils
Event: 1,846 loading class ai/djl/util/ClassLoaderUtils done
Event: 1,847 loading class java/nio/file/Files$2
Event: 1,847 loading class java/nio/file/Files$2 done
Event: 1,849 loading class sun/nio/fs/UnixUriUtils
Event: 1,849 loading class sun/nio/fs/UnixUriUtils done
Event: 1,850 loading class java/net/URLClassLoader$7
Event: 1,850 loading class jdk/internal/misc/JavaNetURLClassLoaderAccess
Event: 1,850 loading class jdk/internal/misc/JavaNetURLClassLoaderAccess done
Event: 1,850 loading class java/net/URLClassLoader$7 done
Event: 1,851 loading class ai/djl/pytorch/engine/PtDeviceType
Event: 1,851 loading class ai/djl/pytorch/engine/PtDeviceType done
Event: 1,851 loading class ai/djl/DeviceType
Event: 1,851 loading class ai/djl/DeviceType done


Dynamic libraries:
87e00000-8f800000 rw-p 00000000 00:00 0 
8f800000-ffe00000 ---p 00000000 00:00 0 
ffe00000-ffe47000 rw-p 01111000 103:02 1064528                           /usr/lib/jvm/java-11-openjdk-amd64/lib/server/classes.jsa
ffe47000-fff00000 rw-p 00000000 00:00 0 
fff00000-fff6b000 rw-p 010a6000 103:02 1064528                           /usr/lib/jvm/java-11-openjdk-amd64/lib/server/classes.jsa
fff6b000-100000000 rw-p 00000000 00:00 0 
800000000-800002000 rwxp 00001000 103:02 1064528                         /usr/lib/jvm/java-11-openjdk-amd64/lib/server/classes.jsa
800002000-8003b9000 rw-p 00003000 103:02 1064528                         /usr/lib/jvm/java-11-openjdk-amd64/lib/server/classes.jsa
8003b9000-800a96000 r--p 003ba000 103:02 1064528                         /usr/lib/jvm/java-11-openjdk-amd64/lib/server/classes.jsa
800a96000-800a97000 rw-p 00a97000 103:02 1064528                         /usr/lib/jvm/java-11-openjdk-amd64/lib/server/classes.jsa
800a97000-8010a5000 r--p 00a98000 103:02 1064528                         /usr/lib/jvm/java-11-openjdk-amd64/lib/server/classes.jsa
840000000-840100000 rw-p 00000000 00:00 0 
840100000-880000000 ---p 00000000 00:00 0 
5625e3534000-5625e3535000 r--p 00000000 103:02 1051519                   /usr/lib/jvm/java-11-openjdk-amd64/bin/java
5625e3535000-5625e3536000 r-xp 00001000 103:02 1051519                   /usr/lib/jvm/java-11-openjdk-amd64/bin/java
5625e3536000-5625e3537000 r--p 00002000 103:02 1051519                   /usr/lib/jvm/java-11-openjdk-amd64/bin/java
5625e3537000-5625e3538000 r--p 00002000 103:02 1051519                   /usr/lib/jvm/java-11-openjdk-amd64/bin/java
5625e3538000-5625e3539000 rw-p 00003000 103:02 1051519                   /usr/lib/jvm/java-11-openjdk-amd64/bin/java
5625e42d4000-5625e42f5000 rw-p 00000000 00:00 0                          [heap]
7f33cbe29000-7f33db7de000 r-xp 00000000 103:02 6456931                   /home/aime_bertrand/.djl.ai/pytorch/1.6.0-cpu-linux-x86_64/libtorch_cpu.so
7f33db7de000-7f33db9de000 ---p 0f9b5000 103:02 6456931                   /home/aime_bertrand/.djl.ai/pytorch/1.6.0-cpu-linux-x86_64/libtorch_cpu.so
7f33db9de000-7f33dbb11000 r--p 0f9b5000 103:02 6456931                   /home/aime_bertrand/.djl.ai/pytorch/1.6.0-cpu-linux-x86_64/libtorch_cpu.so
7f33dbb11000-7f33dbc12000 rw-p 0fae8000 103:02 6456931                   /home/aime_bertrand/.djl.ai/pytorch/1.6.0-cpu-linux-x86_64/libtorch_cpu.so
7f33dbc12000-7f33dbc74000 rw-p 00000000 00:00 0 
7f33dbc74000-7f33dc000000 rw-p 1182d000 103:02 6456931                   /home/aime_bertrand/.djl.ai/pytorch/1.6.0-cpu-linux-x86_64/libtorch_cpu.so
7f33dc000000-7f33dc021000 rw-p 00000000 00:00 0 
7f33dc021000-7f33e0000000 ---p 00000000 00:00 0 
7f33e4000000-7f33e4021000 rw-p 00000000 00:00 0 
7f33e4021000-7f33e8000000 ---p 00000000 00:00 0 
7f33e8000000-7f33e8021000 rw-p 00000000 00:00 0 
7f33e8021000-7f33ec000000 ---p 00000000 00:00 0 
7f33ec000000-7f33ec021000 rw-p 00000000 00:00 0 
7f33ec021000-7f33f0000000 ---p 00000000 00:00 0 
7f33f0000000-7f33f0021000 rw-p 00000000 00:00 0 
7f33f0021000-7f33f4000000 ---p 00000000 00:00 0 
7f33f4000000-7f33f4021000 rw-p 00000000 00:00 0 
7f33f4021000-7f33f8000000 ---p 00000000 00:00 0 
7f33f8000000-7f33f8021000 rw-p 00000000 00:00 0 
7f33f8021000-7f33fc000000 ---p 00000000 00:00 0 
7f33fc000000-7f33fc021000 rw-p 00000000 00:00 0 
7f33fc021000-7f3400000000 ---p 00000000 00:00 0 
7f3400c94000-7f3400f4c000 r-xp 00000000 103:02 6456929                   /home/aime_bertrand/.djl.ai/pytorch/1.6.0-cpu-linux-x86_64/libtensorpipe.so
7f3400f4c000-7f340114c000 ---p 002b8000 103:02 6456929                   /home/aime_bertrand/.djl.ai/pytorch/1.6.0-cpu-linux-x86_64/libtensorpipe.so
7f340114c000-7f3401155000 r--p 002b8000 103:02 6456929                   /home/aime_bertrand/.djl.ai/pytorch/1.6.0-cpu-linux-x86_64/libtensorpipe.so
7f3401155000-7f3401158000 rw-p 002c1000 103:02 6456929                   /home/aime_bertrand/.djl.ai/pytorch/1.6.0-cpu-linux-x86_64/libtensorpipe.so
7f3401158000-7f340115a000 rw-p 00000000 00:00 0 
7f340115a000-7f3401192000 rw-p 003a2000 103:02 6456929                   /home/aime_bertrand/.djl.ai/pytorch/1.6.0-cpu-linux-x86_64/libtensorpipe.so
7f3401192000-7f34011b3000 r-xp 00000000 103:02 6456928                   /home/aime_bertrand/.djl.ai/pytorch/1.6.0-cpu-linux-x86_64/libgomp-75eea7e8.so.1
7f34011b3000-7f34013b2000 ---p 00021000 103:02 6456928                   /home/aime_bertrand/.djl.ai/pytorch/1.6.0-cpu-linux-x86_64/libgomp-75eea7e8.so.1
7f34013b2000-7f34013b3000 r--p 00020000 103:02 6456928                   /home/aime_bertrand/.djl.ai/pytorch/1.6.0-cpu-linux-x86_64/libgomp-75eea7e8.so.1
7f34013b3000-7f34013b7000 rw-p 00021000 103:02 6456928                   /home/aime_bertrand/.djl.ai/pytorch/1.6.0-cpu-linux-x86_64/libgomp-75eea7e8.so.1
7f34013b7000-7f34013b8000 r-xp 00000000 103:02 6456930                   /home/aime_bertrand/.djl.ai/pytorch/1.6.0-cpu-linux-x86_64/libtorch.so
7f34013b8000-7f34015b7000 ---p 00001000 103:02 6456930                   /home/aime_bertrand/.djl.ai/pytorch/1.6.0-cpu-linux-x86_64/libtorch.so
7f34015b7000-7f34015b8000 r--p 00000000 103:02 6456930                   /home/aime_bertrand/.djl.ai/pytorch/1.6.0-cpu-linux-x86_64/libtorch.so
7f34015b8000-7f34015b9000 rw-p 00001000 103:02 6456930                   /home/aime_bertrand/.djl.ai/pytorch/1.6.0-cpu-linux-x86_64/libtorch.so
7f34015b9000-7f3401620000 r-xp 00000000 103:02 6456917                   /home/aime_bertrand/.djl.ai/pytorch/1.6.0-cpu-linux-x86_64/libc10.so
7f3401620000-7f340181f000 ---p 00067000 103:02 6456917                   /home/aime_bertrand/.djl.ai/pytorch/1.6.0-cpu-linux-x86_64/libc10.so
7f340181f000-7f3401821000 r--p 00066000 103:02 6456917                   /home/aime_bertrand/.djl.ai/pytorch/1.6.0-cpu-linux-x86_64/libc10.so
7f3401821000-7f3401822000 rw-p 00068000 103:02 6456917                   /home/aime_bertrand/.djl.ai/pytorch/1.6.0-cpu-linux-x86_64/libc10.so
7f3401822000-7f3401824000 rw-p 00000000 00:00 0 
7f3401824000-7f3401831000 rw-p 00089000 103:02 6456917                   /home/aime_bertrand/.djl.ai/pytorch/1.6.0-cpu-linux-x86_64/libc10.so
7f3401831000-7f34019d3000 r-xp 00000000 103:02 6456932                   /home/aime_bertrand/.djl.ai/pytorch/1.6.0-cpu-linux-x86_64/0.12.0-cpu-libdjl_torch.so
7f34019d3000-7f3401bd3000 ---p 001a2000 103:02 6456932                   /home/aime_bertrand/.djl.ai/pytorch/1.6.0-cpu-linux-x86_64/0.12.0-cpu-libdjl_torch.so
7f3401bd3000-7f3401bd4000 r--p 001a2000 103:02 6456932                   /home/aime_bertrand/.djl.ai/pytorch/1.6.0-cpu-linux-x86_64/0.12.0-cpu-libdjl_torch.so
7f3401bd4000-7f3401bdc000 rw-p 001a3000 103:02 6456932                   /home/aime_bertrand/.djl.ai/pytorch/1.6.0-cpu-linux-x86_64/0.12.0-cpu-libdjl_torch.so
7f3401bdc000-7f3401bf5000 r-xp 00000000 103:02 7615593                   /home/aime_bertrand/.cache/JNA/temp/jna10304670264959546496.tmp (deleted)
7f3401bf5000-7f3401df5000 ---p 00019000 103:02 7615593                   /home/aime_bertrand/.cache/JNA/temp/jna10304670264959546496.tmp (deleted)
7f3401df5000-7f3401df6000 rw-p 00019000 103:02 7615593                   /home/aime_bertrand/.cache/JNA/temp/jna10304670264959546496.tmp (deleted)
7f3401df6000-7f3401dfb000 r-xp 00000000 103:02 1055816                   /usr/lib/x86_64-linux-gnu/libXtst.so.6.1.0
7f3401dfb000-7f3401ffa000 ---p 00005000 103:02 1055816                   /usr/lib/x86_64-linux-gnu/libXtst.so.6.1.0
7f3401ffa000-7f3401ffb000 r--p 00004000 103:02 1055816                   /usr/lib/x86_64-linux-gnu/libXtst.so.6.1.0
7f3401ffb000-7f3401ffc000 rw-p 00005000 103:02 1055816                   /usr/lib/x86_64-linux-gnu/libXtst.so.6.1.0
7f3401ffc000-7f3401ffd000 ---p 00000000 00:00 0 
7f3401ffd000-7f34027fd000 rw-p 00000000 00:00 0 
7f34027fd000-7f34027fe000 ---p 00000000 00:00 0 
7f34027fe000-7f3402ffe000 rw-p 00000000 00:00 0 
7f3402ffe000-7f3402fff000 ---p 00000000 00:00 0 
7f3402fff000-7f34037ff000 rw-p 00000000 00:00 0 
7f34037ff000-7f3403800000 ---p 00000000 00:00 0 
7f3403800000-7f3404000000 rw-p 00000000 00:00 0 
7f3404000000-7f3404027000 rw-p 00000000 00:00 0 
7f3404027000-7f3408000000 ---p 00000000 00:00 0 
7f34081f2000-7f34081fb000 r-xp 00000000 103:02 1055810                   /usr/lib/x86_64-linux-gnu/libXrender.so.1.3.0
7f34081fb000-7f34083fa000 ---p 00009000 103:02 1055810                   /usr/lib/x86_64-linux-gnu/libXrender.so.1.3.0
7f34083fa000-7f34083fb000 r--p 00008000 103:02 1055810                   /usr/lib/x86_64-linux-gnu/libXrender.so.1.3.0
7f34083fb000-7f34083fc000 rw-p 00009000 103:02 1055810                   /usr/lib/x86_64-linux-gnu/libXrender.so.1.3.0
7f34083fc000-7f34083fd000 ---p 00000000 00:00 0 
7f34083fd000-7f3408bfd000 rw-p 00000000 00:00 0 
7f3408bfd000-7f3408e6b000 r--p 00000000 103:02 1051461                   /usr/java/packages/lib/libopencv_java451.so
7f3408e6b000-7f340b688000 r-xp 0026e000 103:02 1051461                   /usr/java/packages/lib/libopencv_java451.so
7f340b688000-7f340beba000 r--p 02a8b000 103:02 1051461                   /usr/java/packages/lib/libopencv_java451.so
7f340beba000-7f340bebb000 ---p 032bd000 103:02 1051461                   /usr/java/packages/lib/libopencv_java451.so
7f340bebb000-7f340bf1e000 r--p 032bd000 103:02 1051461                   /usr/java/packages/lib/libopencv_java451.so
7f340bf1e000-7f340bf50000 rw-p 03320000 103:02 1051461                   /usr/java/packages/lib/libopencv_java451.so
7f340bf50000-7f340c000000 rw-p 00000000 00:00 0 
7f340c000000-7f340c021000 rw-p 00000000 00:00 0 
7f340c021000-7f3410000000 ---p 00000000 00:00 0 
7f3410000000-7f3410021000 rw-p 00000000 00:00 0 
7f3410021000-7f3414000000 ---p 00000000 00:00 0 
7f3414000000-7f3414021000 rw-p 00000000 00:00 0 
7f3414021000-7f3418000000 ---p 00000000 00:00 0 
7f3418000000-7f3418021000 rw-p 00000000 00:00 0 
7f3418021000-7f341c000000 ---p 00000000 00:00 0 
7f341c000000-7f341c3b3000 rw-p 00000000 00:00 0 
7f341c3b3000-7f3420000000 ---p 00000000 00:00 0 
7f3420000000-7f34202ba000 rw-p 00000000 00:00 0 
7f34202ba000-7f3424000000 ---p 00000000 00:00 0 
7f3424000000-7f3424021000 rw-p 00000000 00:00 0 
7f3424021000-7f3428000000 ---p 00000000 00:00 0 
7f3428000000-7f3428021000 rw-p 00000000 00:00 0 
7f3428021000-7f342c000000 ---p 00000000 00:00 0 
7f342c000000-7f342c021000 rw-p 00000000 00:00 0 
7f342c021000-7f3430000000 ---p 00000000 00:00 0 
7f3430000000-7f3430021000 rw-p 00000000 00:00 0 
7f3430021000-7f3434000000 ---p 00000000 00:00 0 
7f3434000000-7f3434021000 rw-p 00000000 00:00 0 
7f3434021000-7f3438000000 ---p 00000000 00:00 0 
7f3438000000-7f3438021000 rw-p 00000000 00:00 0 
7f3438021000-7f343c000000 ---p 00000000 00:00 0 
7f343c000000-7f343c021000 rw-p 00000000 00:00 0 
7f343c021000-7f3440000000 ---p 00000000 00:00 0 
7f3440000000-7f3440021000 rw-p 00000000 00:00 0 
7f3440021000-7f3444000000 ---p 00000000 00:00 0 
7f3444132000-7f3444136000 ---p 00000000 00:00 0 
7f3444136000-7f3444154000 rw-p 00000000 00:00 0 
7f3444154000-7f3444158000 r--p 00000000 103:02 1055944                   /usr/lib/x86_64-linux-gnu/libbsd.so.0.10.0
7f3444158000-7f3444167000 r-xp 00004000 103:02 1055944                   /usr/lib/x86_64-linux-gnu/libbsd.so.0.10.0
7f3444167000-7f344416a000 r--p 00013000 103:02 1055944                   /usr/lib/x86_64-linux-gnu/libbsd.so.0.10.0
7f344416a000-7f344416b000 ---p 00016000 103:02 1055944                   /usr/lib/x86_64-linux-gnu/libbsd.so.0.10.0
7f344416b000-7f344416c000 r--p 00016000 103:02 1055944                   /usr/lib/x86_64-linux-gnu/libbsd.so.0.10.0
7f344416c000-7f344416d000 rw-p 00017000 103:02 1055944                   /usr/lib/x86_64-linux-gnu/libbsd.so.0.10.0
7f344416d000-7f344416e000 rw-p 00000000 00:00 0 
7f344416e000-7f3444179000 r--p 00000000 103:02 1057248                   /usr/lib/x86_64-linux-gnu/libxcb.so.1.1.0
7f3444179000-7f344418d000 r-xp 0000b000 103:02 1057248                   /usr/lib/x86_64-linux-gnu/libxcb.so.1.1.0
7f344418d000-7f3444196000 r--p 0001f000 103:02 1057248                   /usr/lib/x86_64-linux-gnu/libxcb.so.1.1.0
7f3444196000-7f3444197000 r--p 00027000 103:02 1057248                   /usr/lib/x86_64-linux-gnu/libxcb.so.1.1.0
7f3444197000-7f3444198000 rw-p 00028000 103:02 1057248                   /usr/lib/x86_64-linux-gnu/libxcb.so.1.1.0
7f3444198000-7f34441b0000 r--p 00000000 103:02 1061592                   /usr/lib/x86_64-linux-gnu/libX11.so.6.3.0
7f34441b0000-7f344423b000 r-xp 00018000 103:02 1061592                   /usr/lib/x86_64-linux-gnu/libX11.so.6.3.0
7f344423b000-7f34442cf000 r--p 000a3000 103:02 1061592                   /usr/lib/x86_64-linux-gnu/libX11.so.6.3.0
7f34442cf000-7f34442d0000 ---p 00137000 103:02 1061592                   /usr/lib/x86_64-linux-gnu/libX11.so.6.3.0
7f34442d0000-7f34442d1000 r--p 00137000 103:02 1061592                   /usr/lib/x86_64-linux-gnu/libX11.so.6.3.0
7f34442d1000-7f34442d5000 rw-p 00138000 103:02 1061592                   /usr/lib/x86_64-linux-gnu/libX11.so.6.3.0
7f34442d5000-7f34442e5000 r--p 00000000 103:02 1064514                   /usr/lib/jvm/java-11-openjdk-amd64/lib/libawt_xawt.so
7f34442e5000-7f3444324000 r-xp 00010000 103:02 1064514                   /usr/lib/jvm/java-11-openjdk-amd64/lib/libawt_xawt.so
7f3444324000-7f3444336000 r--p 0004f000 103:02 1064514                   /usr/lib/jvm/java-11-openjdk-amd64/lib/libawt_xawt.so
7f3444336000-7f3444337000 r--p 00060000 103:02 1064514                   /usr/lib/jvm/java-11-openjdk-amd64/lib/libawt_xawt.so
7f3444337000-7f3444339000 rw-p 00061000 103:02 1064514                   /usr/lib/jvm/java-11-openjdk-amd64/lib/libawt_xawt.so
7f3444339000-7f344433b000 rw-p 00000000 00:00 0 
7f344433b000-7f3444367000 r--p 00000000 103:02 1064354                   /usr/lib/jvm/java-11-openjdk-amd64/lib/libawt.so
7f3444367000-7f34443d0000 r-xp 0002c000 103:02 1064354                   /usr/lib/jvm/java-11-openjdk-amd64/lib/libawt.so
7f34443d0000-7f34443dc000 r--p 00095000 103:02 1064354                   /usr/lib/jvm/java-11-openjdk-amd64/lib/libawt.so
7f34443dc000-7f34443dd000 ---p 000a1000 103:02 1064354                   /usr/lib/jvm/java-11-openjdk-amd64/lib/libawt.so
7f34443dd000-7f34443de000 r--p 000a1000 103:02 1064354                   /usr/lib/jvm/java-11-openjdk-amd64/lib/libawt.so
7f34443de000-7f34443e9000 rw-p 000a2000 103:02 1064354                   /usr/lib/jvm/java-11-openjdk-amd64/lib/libawt.so
7f34443e9000-7f34444f0000 rw-p 00000000 00:00 0 
7f34444f0000-7f34444f1000 ---p 00000000 00:00 0 
7f34444f1000-7f3444cf1000 rw-p 00000000 00:00 0 
7f3444cf1000-7f3444cf2000 ---p 00000000 00:00 0 
7f3444cf2000-7f34454f2000 rw-p 00000000 00:00 0 
7f34454f2000-7f34454f6000 ---p 00000000 00:00 0 
7f34454f6000-7f344576c000 rw-p 00000000 00:00 0 
7f344576c000-7f3445802000 r--s 00000000 00:05 560                        /dev/video0
7f3445802000-7f3445898000 r--s 00000000 00:05 560                        /dev/video0
7f3445898000-7f344592e000 r--s 00000000 00:05 560                        /dev/video0
7f344592e000-7f34459c4000 r--s 00000000 00:05 560                        /dev/video0
7f34459c4000-7f34459cf000 r-xp 00000000 103:02 1056531                   /usr/lib/x86_64-linux-gnu/libjbig.so.0
7f34459cf000-7f3445bce000 ---p 0000b000 103:02 1056531                   /usr/lib/x86_64-linux-gnu/libjbig.so.0
7f3445bce000-7f3445bcf000 r--p 0000a000 103:02 1056531                   /usr/lib/x86_64-linux-gnu/libjbig.so.0
7f3445bcf000-7f3445bd2000 rw-p 0000b000 103:02 1056531                   /usr/lib/x86_64-linux-gnu/libjbig.so.0
7f3445bd2000-7f3445bd6000 r--p 00000000 103:02 1051451                   /usr/lib/x86_64-linux-gnu/libzstd.so.1.4.4
7f3445bd6000-7f3445c68000 r-xp 00004000 103:02 1051451                   /usr/lib/x86_64-linux-gnu/libzstd.so.1.4.4
7f3445c68000-7f3445c79000 r--p 00096000 103:02 1051451                   /usr/lib/x86_64-linux-gnu/libzstd.so.1.4.4
7f3445c79000-7f3445c7a000 r--p 000a6000 103:02 1051451                   /usr/lib/x86_64-linux-gnu/libzstd.so.1.4.4
7f3445c7a000-7f3445c7b000 rw-p 000a7000 103:02 1051451                   /usr/lib/x86_64-linux-gnu/libzstd.so.1.4.4
7f3445c7b000-7f3445c83000 r--p 00000000 103:02 1051077                   /usr/lib/x86_64-linux-gnu/libtiff.so.5.5.0
7f3445c83000-7f3445cc7000 r-xp 00008000 103:02 1051077                   /usr/lib/x86_64-linux-gnu/libtiff.so.5.5.0
7f3445cc7000-7f3445cf6000 r--p 0004c000 103:02 1051077                   /usr/lib/x86_64-linux-gnu/libtiff.so.5.5.0
7f3445cf6000-7f3445cf7000 ---p 0007b000 103:02 1051077                   /usr/lib/x86_64-linux-gnu/libtiff.so.5.5.0
7f3445cf7000-7f3445cfb000 r--p 0007b000 103:02 1051077                   /usr/lib/x86_64-linux-gnu/libtiff.so.5.5.0
7f3445cfb000-7f3445cfc000 rw-p 0007f000 103:02 1051077                   /usr/lib/x86_64-linux-gnu/libtiff.so.5.5.0
7f3445cfc000-7f3445cfd000 ---p 00000000 00:00 0 
7f3445cfd000-7f3445dfe000 rw-p 00000000 00:00 0 
7f3445dfe000-7f3445e02000 ---p 00000000 00:00 0 
7f3445e02000-7f3445eff000 rw-p 00000000 00:00 0 
7f3445eff000-7f3445f03000 ---p 00000000 00:00 0 
7f3445f03000-7f3448000000 rw-p 00000000 00:00 0 
7f3448000000-7f3448021000 rw-p 00000000 00:00 0 
7f3448021000-7f344c000000 ---p 00000000 00:00 0 
7f344c016000-7f344c018000 r--p 00000000 103:02 1055788                   /usr/lib/x86_64-linux-gnu/libXdmcp.so.6.0.0
7f344c018000-7f344c01a000 r-xp 00002000 103:02 1055788                   /usr/lib/x86_64-linux-gnu/libXdmcp.so.6.0.0
7f344c01a000-7f344c01c000 r--p 00004000 103:02 1055788                   /usr/lib/x86_64-linux-gnu/libXdmcp.so.6.0.0
7f344c01c000-7f344c01d000 r--p 00005000 103:02 1055788                   /usr/lib/x86_64-linux-gnu/libXdmcp.so.6.0.0
7f344c01d000-7f344c01e000 rw-p 00006000 103:02 1055788                   /usr/lib/x86_64-linux-gnu/libXdmcp.so.6.0.0
7f344c01e000-7f344c01f000 r--p 00000000 103:02 1055777                   /usr/lib/x86_64-linux-gnu/libXau.so.6.0.0
7f344c01f000-7f344c021000 r-xp 00001000 103:02 1055777                   /usr/lib/x86_64-linux-gnu/libXau.so.6.0.0
7f344c021000-7f344c022000 r--p 00003000 103:02 1055777                   /usr/lib/x86_64-linux-gnu/libXau.so.6.0.0
7f344c022000-7f344c023000 r--p 00003000 103:02 1055777                   /usr/lib/x86_64-linux-gnu/libXau.so.6.0.0
7f344c023000-7f344c024000 rw-p 00004000 103:02 1055777                   /usr/lib/x86_64-linux-gnu/libXau.so.6.0.0
7f344c024000-7f344c026000 r--p 00000000 103:02 1055798                   /usr/lib/x86_64-linux-gnu/libXi.so.6.1.0
7f344c026000-7f344c031000 r-xp 00002000 103:02 1055798                   /usr/lib/x86_64-linux-gnu/libXi.so.6.1.0
7f344c031000-7f344c034000 r--p 0000d000 103:02 1055798                   /usr/lib/x86_64-linux-gnu/libXi.so.6.1.0
7f344c034000-7f344c035000 r--p 0000f000 103:02 1055798                   /usr/lib/x86_64-linux-gnu/libXi.so.6.1.0
7f344c035000-7f344c036000 rw-p 00010000 103:02 1055798                   /usr/lib/x86_64-linux-gnu/libXi.so.6.1.0
7f344c036000-7f344c03a000 r--p 00000000 103:02 1055790                   /usr/lib/x86_64-linux-gnu/libXext.so.6.4.0
7f344c03a000-7f344c045000 r-xp 00004000 103:02 1055790                   /usr/lib/x86_64-linux-gnu/libXext.so.6.4.0
7f344c045000-7f344c049000 r--p 0000f000 103:02 1055790                   /usr/lib/x86_64-linux-gnu/libXext.so.6.4.0
7f344c049000-7f344c04a000 r--p 00012000 103:02 1055790                   /usr/lib/x86_64-linux-gnu/libXext.so.6.4.0
7f344c04a000-7f344c04b000 rw-p 00013000 103:02 1055790                   /usr/lib/x86_64-linux-gnu/libXext.so.6.4.0
7f344c04b000-7f344c050000 r--p 00000000 103:02 1056830                   /usr/lib/x86_64-linux-gnu/libpng16.so.16.37.0
7f344c050000-7f344c075000 r-xp 00005000 103:02 1056830                   /usr/lib/x86_64-linux-gnu/libpng16.so.16.37.0
7f344c075000-7f344c081000 r--p 0002a000 103:02 1056830                   /usr/lib/x86_64-linux-gnu/libpng16.so.16.37.0
7f344c081000-7f344c082000 r--p 00035000 103:02 1056830                   /usr/lib/x86_64-linux-gnu/libpng16.so.16.37.0
7f344c082000-7f344c083000 rw-p 00036000 103:02 1056830                   /usr/lib/x86_64-linux-gnu/libpng16.so.16.37.0
7f344c083000-7f344c085000 r--p 00000000 103:02 1051610                   /usr/lib/x86_64-linux-gnu/libwebp.so.6.0.2
7f344c085000-7f344c0d6000 r-xp 00002000 103:02 1051610                   /usr/lib/x86_64-linux-gnu/libwebp.so.6.0.2
7f344c0d6000-7f344c0e9000 r--p 00053000 103:02 1051610                   /usr/lib/x86_64-linux-gnu/libwebp.so.6.0.2
7f344c0e9000-7f344c0ea000 r--p 00065000 103:02 1051610                   /usr/lib/x86_64-linux-gnu/libwebp.so.6.0.2
7f344c0ea000-7f344c0eb000 rw-p 00066000 103:02 1051610                   /usr/lib/x86_64-linux-gnu/libwebp.so.6.0.2
7f344c0eb000-7f344c0ed000 rw-p 00000000 00:00 0 
7f344c0ed000-7f344c0f1000 ---p 00000000 00:00 0 
7f344c0f1000-7f344c1ee000 rw-p 00000000 00:00 0 
7f344c1ee000-7f344c1f2000 ---p 00000000 00:00 0 
7f344c1f2000-7f344c2ef000 rw-p 00000000 00:00 0 
7f344c2ef000-7f344c2f3000 ---p 00000000 00:00 0 
7f344c2f3000-7f344c5d8000 rw-p 00000000 00:00 0 
7f344c5d8000-7f344e1f0000 ---p 00000000 00:00 0 
7f344e1f0000-7f344e3e0000 rw-p 00000000 00:00 0 
7f344e3e0000-7f344fff8000 ---p 00000000 00:00 0 
7f344fff8000-7f3450000000 rw-p 00000000 00:00 0 
7f3450000000-7f3450021000 rw-p 00000000 00:00 0 
7f3450021000-7f3454000000 ---p 00000000 00:00 0 
7f3454004000-7f3454008000 ---p 00000000 00:00 0 
7f3454008000-7f3454105000 rw-p 00000000 00:00 0 
7f3454105000-7f3454109000 ---p 00000000 00:00 0 
7f3454109000-7f3454206000 rw-p 00000000 00:00 0 
7f3454206000-7f3454777000 r--p 00000000 103:02 1048684                   /usr/lib/locale/locale-archive
7f3454777000-7f345477b000 ---p 00000000 00:00 0 
7f345477b000-7f3454878000 rw-p 00000000 00:00 0 
7f3454878000-7f3454ae8000 rwxp 00000000 00:00 0 
7f3454ae8000-7f3454e09000 ---p 00000000 00:00 0 
7f3454e09000-7f3455079000 rwxp 00000000 00:00 0 
7f3455079000-7f345c340000 ---p 00000000 00:00 0 
7f345c340000-7f345c5b0000 rwxp 00000000 00:00 0 
7f345c5b0000-7f3463878000 ---p 00000000 00:00 0 
7f3463878000-7f346c000000 r--s 00000000 103:02 1064385                   /usr/lib/jvm/java-11-openjdk-amd64/lib/modules
7f346c000000-7f346d687000 rw-p 00000000 00:00 0 
7f346d687000-7f3470000000 ---p 00000000 00:00 0 
7f3470002000-7f3470005000 r--p 00000000 103:02 1054589                   /usr/lib/x86_64-linux-gnu/liblzma.so.5.2.4
7f3470005000-7f347001d000 r-xp 00003000 103:02 1054589                   /usr/lib/x86_64-linux-gnu/liblzma.so.5.2.4
7f347001d000-7f3470028000 r--p 0001b000 103:02 1054589                   /usr/lib/x86_64-linux-gnu/liblzma.so.5.2.4
7f3470028000-7f3470029000 ---p 00026000 103:02 1054589                   /usr/lib/x86_64-linux-gnu/liblzma.so.5.2.4
7f3470029000-7f347002a000 r--p 00026000 103:02 1054589                   /usr/lib/x86_64-linux-gnu/liblzma.so.5.2.4
7f347002a000-7f347002b000 rw-p 00027000 103:02 1054589                   /usr/lib/x86_64-linux-gnu/liblzma.so.5.2.4
7f347002b000-7f347002f000 r--p 00000000 103:02 1056535                   /usr/lib/x86_64-linux-gnu/libjpeg.so.8.2.2
7f347002f000-7f3470073000 r-xp 00004000 103:02 1056535                   /usr/lib/x86_64-linux-gnu/libjpeg.so.8.2.2
7f3470073000-7f34700ad000 r--p 00048000 103:02 1056535                   /usr/lib/x86_64-linux-gnu/libjpeg.so.8.2.2
7f34700ad000-7f34700ae000 ---p 00082000 103:02 1056535                   /usr/lib/x86_64-linux-gnu/libjpeg.so.8.2.2
7f34700ae000-7f34700af000 r--p 00082000 103:02 1056535                   /usr/lib/x86_64-linux-gnu/libjpeg.so.8.2.2
7f34700af000-7f34700b0000 rw-p 00083000 103:02 1056535                   /usr/lib/x86_64-linux-gnu/libjpeg.so.8.2.2
7f34700cc000-7f34700d0000 r--p 00000000 103:02 1064375                   /usr/lib/jvm/java-11-openjdk-amd64/lib/libnet.so
7f34700d0000-7f34700df000 r-xp 00004000 103:02 1064375                   /usr/lib/jvm/java-11-openjdk-amd64/lib/libnet.so
7f34700df000-7f34700e3000 r--p 00013000 103:02 1064375                   /usr/lib/jvm/java-11-openjdk-amd64/lib/libnet.so
7f34700e3000-7f34700e4000 r--p 00016000 103:02 1064375                   /usr/lib/jvm/java-11-openjdk-amd64/lib/libnet.so
7f34700e4000-7f34700e5000 rw-p 00017000 103:02 1064375                   /usr/lib/jvm/java-11-openjdk-amd64/lib/libnet.so
7f34700e5000-7f34700ec000 r--p 00000000 103:02 1064376                   /usr/lib/jvm/java-11-openjdk-amd64/lib/libnio.so
7f34700ec000-7f34700f4000 r-xp 00007000 103:02 1064376                   /usr/lib/jvm/java-11-openjdk-amd64/lib/libnio.so
7f34700f4000-7f34700f7000 r--p 0000f000 103:02 1064376                   /usr/lib/jvm/java-11-openjdk-amd64/lib/libnio.so
7f34700f7000-7f34700f8000 r--p 00011000 103:02 1064376                   /usr/lib/jvm/java-11-openjdk-amd64/lib/libnio.so
7f34700f8000-7f34700f9000 rw-p 00012000 103:02 1064376                   /usr/lib/jvm/java-11-openjdk-amd64/lib/libnio.so
7f34700f9000-7f34700fd000 ---p 00000000 00:00 0 
7f34700fd000-7f34701fa000 rw-p 00000000 00:00 0 
7f34701fa000-7f34701fb000 ---p 00000000 00:00 0 
7f34701fb000-7f3470b98000 rw-p 00000000 00:00 0 
7f3470b98000-7f3470bd8000 ---p 00000000 00:00 0 
7f3470bd8000-7f3470bd9000 ---p 00000000 00:00 0 
7f3470bd9000-7f3470cda000 rw-p 00000000 00:00 0 
7f3470cda000-7f3470cdb000 ---p 00000000 00:00 0 
7f3470cdb000-7f34715e4000 rw-p 00000000 00:00 0 
7f34715e4000-7f34715e5000 ---p 00000000 00:00 0 
7f34715e5000-7f34716e6000 rw-p 00000000 00:00 0 
7f34716e6000-7f34716e7000 ---p 00000000 00:00 0 
7f34716e7000-7f34718a1000 rw-p 00000000 00:00 0 
7f34718a1000-7f3471c24000 ---p 00000000 00:00 0 
7f3471c24000-7f3471c62000 rw-p 00000000 00:00 0 
7f3471c62000-7f3471fe5000 ---p 00000000 00:00 0 
7f3471fe5000-7f3472023000 rw-p 00000000 00:00 0 
7f3472023000-7f34723a6000 ---p 00000000 00:00 0 
7f34723a6000-7f3472baf000 rw-p 00000000 00:00 0 
7f3472baf000-7f3472bb0000 ---p 00000000 00:00 0 
7f3472bb0000-7f3472cb6000 rw-p 00000000 00:00 0 
7f3472cb6000-7f3472d9c000 ---p 00000000 00:00 0 
7f3472d9c000-7f3472da1000 rw-p 00000000 00:00 0 
7f3472da1000-7f3472e87000 ---p 00000000 00:00 0 
7f3472e87000-7f3472e8c000 rw-p 00000000 00:00 0 
7f3472e8c000-7f3472e93000 ---p 00000000 00:00 0 
7f3472e93000-7f3472e96000 r--p 00000000 103:02 1054504                   /usr/lib/x86_64-linux-gnu/libnss_files-2.31.so
7f3472e96000-7f3472e9d000 r-xp 00003000 103:02 1054504                   /usr/lib/x86_64-linux-gnu/libnss_files-2.31.so
7f3472e9d000-7f3472e9f000 r--p 0000a000 103:02 1054504                   /usr/lib/x86_64-linux-gnu/libnss_files-2.31.so
7f3472e9f000-7f3472ea0000 r--p 0000b000 103:02 1054504                   /usr/lib/x86_64-linux-gnu/libnss_files-2.31.so
7f3472ea0000-7f3472ea1000 rw-p 0000c000 103:02 1054504                   /usr/lib/x86_64-linux-gnu/libnss_files-2.31.so
7f3472ea1000-7f3472ea7000 rw-p 00000000 00:00 0 
7f3472eaa000-7f3472eab000 r--p 00000000 103:02 1064357                   /usr/lib/jvm/java-11-openjdk-amd64/lib/libextnet.so
7f3472eab000-7f3472eac000 r-xp 00001000 103:02 1064357                   /usr/lib/jvm/java-11-openjdk-amd64/lib/libextnet.so
7f3472eac000-7f3472ead000 r--p 00002000 103:02 1064357                   /usr/lib/jvm/java-11-openjdk-amd64/lib/libextnet.so
7f3472ead000-7f3472eae000 r--p 00002000 103:02 1064357                   /usr/lib/jvm/java-11-openjdk-amd64/lib/libextnet.so
7f3472eae000-7f3472eaf000 rw-p 00003000 103:02 1064357                   /usr/lib/jvm/java-11-openjdk-amd64/lib/libextnet.so
7f3472eaf000-7f3472eb1000 r--s 0000c000 103:02 1848610                   /usr/share/java/java-atk-wrapper.jar
7f3472eb1000-7f3472eb3000 r--p 00000000 103:02 1064384                   /usr/lib/jvm/java-11-openjdk-amd64/lib/libzip.so
7f3472eb3000-7f3472eb7000 r-xp 00002000 103:02 1064384                   /usr/lib/jvm/java-11-openjdk-amd64/lib/libzip.so
7f3472eb7000-7f3472eb9000 r--p 00006000 103:02 1064384                   /usr/lib/jvm/java-11-openjdk-amd64/lib/libzip.so
7f3472eb9000-7f3472eba000 r--p 00007000 103:02 1064384                   /usr/lib/jvm/java-11-openjdk-amd64/lib/libzip.so
7f3472eba000-7f3472ebb000 rw-p 00008000 103:02 1064384                   /usr/lib/jvm/java-11-openjdk-amd64/lib/libzip.so
7f3472ebb000-7f3472ec3000 rw-s 00000000 103:02 6553850                   /tmp/hsperfdata_aime_bertrand/13831
7f3472ec3000-7f3472ec5000 r--p 00000000 103:02 1064359                   /usr/lib/jvm/java-11-openjdk-amd64/lib/libinstrument.so
7f3472ec5000-7f3472ecb000 r-xp 00002000 103:02 1064359                   /usr/lib/jvm/java-11-openjdk-amd64/lib/libinstrument.so
7f3472ecb000-7f3472ece000 r--p 00008000 103:02 1064359                   /usr/lib/jvm/java-11-openjdk-amd64/lib/libinstrument.so
7f3472ece000-7f3472ecf000 r--p 0000a000 103:02 1064359                   /usr/lib/jvm/java-11-openjdk-amd64/lib/libinstrument.so
7f3472ecf000-7f3472ed0000 rw-p 0000b000 103:02 1064359                   /usr/lib/jvm/java-11-openjdk-amd64/lib/libinstrument.so
7f3472ed0000-7f3472ed1000 ---p 00000000 00:00 0 
7f3472ed1000-7f3472ed2000 r--p 00000000 00:00 0 
7f3472ed2000-7f3472ee0000 r--p 00000000 103:02 1064364                   /usr/lib/jvm/java-11-openjdk-amd64/lib/libjava.so
7f3472ee0000-7f3472ef6000 r-xp 0000e000 103:02 1064364                   /usr/lib/jvm/java-11-openjdk-amd64/lib/libjava.so
7f3472ef6000-7f3472efd000 r--p 00024000 103:02 1064364                   /usr/lib/jvm/java-11-openjdk-amd64/lib/libjava.so
7f3472efd000-7f3472efe000 r--p 0002a000 103:02 1064364                   /usr/lib/jvm/java-11-openjdk-amd64/lib/libjava.so
7f3472efe000-7f3472eff000 rw-p 0002b000 103:02 1064364                   /usr/lib/jvm/java-11-openjdk-amd64/lib/libjava.so
7f3472eff000-7f3472f00000 rw-p 00000000 00:00 0 
7f3472f00000-7f3472f03000 r--p 00000000 103:02 1054511                   /usr/lib/x86_64-linux-gnu/librt-2.31.so
7f3472f03000-7f3472f07000 r-xp 00003000 103:02 1054511                   /usr/lib/x86_64-linux-gnu/librt-2.31.so
7f3472f07000-7f3472f08000 r--p 00007000 103:02 1054511                   /usr/lib/x86_64-linux-gnu/librt-2.31.so
7f3472f08000-7f3472f09000 ---p 00008000 103:02 1054511                   /usr/lib/x86_64-linux-gnu/librt-2.31.so
7f3472f09000-7f3472f0a000 r--p 00008000 103:02 1054511                   /usr/lib/x86_64-linux-gnu/librt-2.31.so
7f3472f0a000-7f3472f0b000 rw-p 00009000 103:02 1054511                   /usr/lib/x86_64-linux-gnu/librt-2.31.so
7f3472f0b000-7f3472f0f000 ---p 00000000 00:00 0 
7f3472f0f000-7f347300c000 rw-p 00000000 00:00 0 
7f347300c000-7f347300f000 r--p 00000000 103:02 1058813                   /usr/lib/x86_64-linux-gnu/libgcc_s.so.1
7f347300f000-7f3473021000 r-xp 00003000 103:02 1058813                   /usr/lib/x86_64-linux-gnu/libgcc_s.so.1
7f3473021000-7f3473025000 r--p 00015000 103:02 1058813                   /usr/lib/x86_64-linux-gnu/libgcc_s.so.1
7f3473025000-7f3473026000 r--p 00018000 103:02 1058813                   /usr/lib/x86_64-linux-gnu/libgcc_s.so.1
7f3473026000-7f3473027000 rw-p 00019000 103:02 1058813                   /usr/lib/x86_64-linux-gnu/libgcc_s.so.1
7f3473027000-7f3473036000 r--p 00000000 103:02 1054494                   /usr/lib/x86_64-linux-gnu/libm-2.31.so
7f3473036000-7f34730dd000 r-xp 0000f000 103:02 1054494                   /usr/lib/x86_64-linux-gnu/libm-2.31.so
7f34730dd000-7f3473174000 r--p 000b6000 103:02 1054494                   /usr/lib/x86_64-linux-gnu/libm-2.31.so
7f3473174000-7f3473175000 r--p 0014c000 103:02 1054494                   /usr/lib/x86_64-linux-gnu/libm-2.31.so
7f3473175000-7f3473176000 rw-p 0014d000 103:02 1054494                   /usr/lib/x86_64-linux-gnu/libm-2.31.so
7f3473176000-7f347320c000 r--p 00000000 103:02 1058288                   /usr/lib/x86_64-linux-gnu/libstdc++.so.6.0.28
7f347320c000-7f34732fd000 r-xp 00096000 103:02 1058288                   /usr/lib/x86_64-linux-gnu/libstdc++.so.6.0.28
7f34732fd000-7f3473346000 r--p 00187000 103:02 1058288                   /usr/lib/x86_64-linux-gnu/libstdc++.so.6.0.28
7f3473346000-7f3473347000 ---p 001d0000 103:02 1058288                   /usr/lib/x86_64-linux-gnu/libstdc++.so.6.0.28
7f3473347000-7f3473352000 r--p 001d0000 103:02 1058288                   /usr/lib/x86_64-linux-gnu/libstdc++.so.6.0.28
7f3473352000-7f3473355000 rw-p 001db000 103:02 1058288                   /usr/lib/x86_64-linux-gnu/libstdc++.so.6.0.28
7f3473355000-7f3473358000 rw-p 00000000 00:00 0 
7f3473358000-7f34735d2000 r--p 00000000 103:02 1064390                   /usr/lib/jvm/java-11-openjdk-amd64/lib/server/libjvm.so
7f34735d2000-7f3474257000 r-xp 0027a000 103:02 1064390                   /usr/lib/jvm/java-11-openjdk-amd64/lib/server/libjvm.so
7f3474257000-7f34744ae000 r--p 00eff000 103:02 1064390                   /usr/lib/jvm/java-11-openjdk-amd64/lib/server/libjvm.so
7f34744ae000-7f347456f000 r--p 01155000 103:02 1064390                   /usr/lib/jvm/java-11-openjdk-amd64/lib/server/libjvm.so
7f347456f000-7f34745aa000 rw-p 01216000 103:02 1064390                   /usr/lib/jvm/java-11-openjdk-amd64/lib/server/libjvm.so
7f34745aa000-7f3474603000 rw-p 00000000 00:00 0 
7f3474603000-7f347460a000 r--p 00000000 103:02 1054509                   /usr/lib/x86_64-linux-gnu/libpthread-2.31.so
7f347460a000-7f347461b000 r-xp 00007000 103:02 1054509                   /usr/lib/x86_64-linux-gnu/libpthread-2.31.so
7f347461b000-7f3474620000 r--p 00018000 103:02 1054509                   /usr/lib/x86_64-linux-gnu/libpthread-2.31.so
7f3474620000-7f3474621000 r--p 0001c000 103:02 1054509                   /usr/lib/x86_64-linux-gnu/libpthread-2.31.so
7f3474621000-7f3474622000 rw-p 0001d000 103:02 1054509                   /usr/lib/x86_64-linux-gnu/libpthread-2.31.so
7f3474622000-7f3474626000 rw-p 00000000 00:00 0 
7f3474626000-7f3474627000 r--p 00000000 103:02 1054492                   /usr/lib/x86_64-linux-gnu/libdl-2.31.so
7f3474627000-7f3474629000 r-xp 00001000 103:02 1054492                   /usr/lib/x86_64-linux-gnu/libdl-2.31.so
7f3474629000-7f347462a000 r--p 00003000 103:02 1054492                   /usr/lib/x86_64-linux-gnu/libdl-2.31.so
7f347462a000-7f347462b000 r--p 00003000 103:02 1054492                   /usr/lib/x86_64-linux-gnu/libdl-2.31.so
7f347462b000-7f347462c000 rw-p 00004000 103:02 1054492                   /usr/lib/x86_64-linux-gnu/libdl-2.31.so
7f347462c000-7f347462e000 r--p 00000000 103:02 1049764                   /usr/lib/x86_64-linux-gnu/libz.so.1.2.11
7f347462e000-7f347463f000 r-xp 00002000 103:02 1049764                   /usr/lib/x86_64-linux-gnu/libz.so.1.2.11
7f347463f000-7f3474645000 r--p 00013000 103:02 1049764                   /usr/lib/x86_64-linux-gnu/libz.so.1.2.11
7f3474645000-7f3474646000 ---p 00019000 103:02 1049764                   /usr/lib/x86_64-linux-gnu/libz.so.1.2.11
7f3474646000-7f3474647000 r--p 00019000 103:02 1049764                   /usr/lib/x86_64-linux-gnu/libz.so.1.2.11
7f3474647000-7f3474648000 rw-p 0001a000 103:02 1049764                   /usr/lib/x86_64-linux-gnu/libz.so.1.2.11
7f3474648000-7f347466d000 r--p 00000000 103:02 1054490                   /usr/lib/x86_64-linux-gnu/libc-2.31.so
7f347466d000-7f34747e5000 r-xp 00025000 103:02 1054490                   /usr/lib/x86_64-linux-gnu/libc-2.31.so
7f34747e5000-7f347482f000 r--p 0019d000 103:02 1054490                   /usr/lib/x86_64-linux-gnu/libc-2.31.so
7f347482f000-7f3474830000 ---p 001e7000 103:02 1054490                   /usr/lib/x86_64-linux-gnu/libc-2.31.so
7f3474830000-7f3474833000 r--p 001e7000 103:02 1054490                   /usr/lib/x86_64-linux-gnu/libc-2.31.so
7f3474833000-7f3474836000 rw-p 001ea000 103:02 1054490                   /usr/lib/x86_64-linux-gnu/libc-2.31.so
7f3474836000-7f347483a000 rw-p 00000000 00:00 0 
7f347483b000-7f347483d000 r--p 00000000 103:02 1064367                   /usr/lib/jvm/java-11-openjdk-amd64/lib/libjimage.so
7f347483d000-7f3474840000 r-xp 00002000 103:02 1064367                   /usr/lib/jvm/java-11-openjdk-amd64/lib/libjimage.so
7f3474840000-7f3474841000 r--p 00005000 103:02 1064367                   /usr/lib/jvm/java-11-openjdk-amd64/lib/libjimage.so
7f3474841000-7f3474842000 ---p 00006000 103:02 1064367                   /usr/lib/jvm/java-11-openjdk-amd64/lib/libjimage.so
7f3474842000-7f3474843000 r--p 00006000 103:02 1064367                   /usr/lib/jvm/java-11-openjdk-amd64/lib/libjimage.so
7f3474843000-7f3474844000 rw-p 00007000 103:02 1064367                   /usr/lib/jvm/java-11-openjdk-amd64/lib/libjimage.so
7f3474844000-7f3474849000 r--p 00000000 103:02 1064383                   /usr/lib/jvm/java-11-openjdk-amd64/lib/libverify.so
7f3474849000-7f3474850000 r-xp 00005000 103:02 1064383                   /usr/lib/jvm/java-11-openjdk-amd64/lib/libverify.so
7f3474850000-7f3474852000 r--p 0000c000 103:02 1064383                   /usr/lib/jvm/java-11-openjdk-amd64/lib/libverify.so
7f3474852000-7f3474853000 ---p 0000e000 103:02 1064383                   /usr/lib/jvm/java-11-openjdk-amd64/lib/libverify.so
7f3474853000-7f3474855000 r--p 0000e000 103:02 1064383                   /usr/lib/jvm/java-11-openjdk-amd64/lib/libverify.so
7f3474855000-7f3474856000 rw-p 00010000 103:02 1064383                   /usr/lib/jvm/java-11-openjdk-amd64/lib/libverify.so
7f3474856000-7f3474859000 r--p 00000000 103:02 1064349                   /usr/lib/jvm/java-11-openjdk-amd64/lib/jli/libjli.so
7f3474859000-7f3474863000 r-xp 00003000 103:02 1064349                   /usr/lib/jvm/java-11-openjdk-amd64/lib/jli/libjli.so
7f3474863000-7f3474866000 r--p 0000d000 103:02 1064349                   /usr/lib/jvm/java-11-openjdk-amd64/lib/jli/libjli.so
7f3474866000-7f3474867000 ---p 00010000 103:02 1064349                   /usr/lib/jvm/java-11-openjdk-amd64/lib/jli/libjli.so
7f3474867000-7f3474868000 r--p 00010000 103:02 1064349                   /usr/lib/jvm/java-11-openjdk-amd64/lib/jli/libjli.so
7f3474868000-7f3474869000 rw-p 00011000 103:02 1064349                   /usr/lib/jvm/java-11-openjdk-amd64/lib/jli/libjli.so
7f3474869000-7f347486b000 rw-p 00000000 00:00 0 
7f347486b000-7f347486c000 r--p 00000000 103:02 1054482                   /usr/lib/x86_64-linux-gnu/ld-2.31.so
7f347486c000-7f347488f000 r-xp 00001000 103:02 1054482                   /usr/lib/x86_64-linux-gnu/ld-2.31.so
7f347488f000-7f3474897000 r--p 00024000 103:02 1054482                   /usr/lib/x86_64-linux-gnu/ld-2.31.so
7f3474898000-7f3474899000 r--p 0002c000 103:02 1054482                   /usr/lib/x86_64-linux-gnu/ld-2.31.so
7f3474899000-7f347489a000 rw-p 0002d000 103:02 1054482                   /usr/lib/x86_64-linux-gnu/ld-2.31.so
7f347489a000-7f347489b000 rw-p 00000000 00:00 0 
7ffd16237000-7ffd16259000 rw-p 00000000 00:00 0                          [stack]
7ffd163ad000-7ffd163b1000 r--p 00000000 00:00 0                          [vvar]
7ffd163b1000-7ffd163b3000 r-xp 00000000 00:00 0                          [vdso]
ffffffffff600000-ffffffffff601000 --xp 00000000 00:00 0                  [vsyscall]


VM Arguments:
jvm_args: -javaagent:/home/aime_bertrand/.local/share/JetBrains/Toolbox/apps/IDEA-C/ch-0/211.7442.40/lib/idea_rt.jar=46781:/home/aime_bertrand/.local/share/JetBrains/Toolbox/apps/IDEA-C/ch-0/211.7442.40/bin -Dfile.encoding=UTF-8 
java_command: Main
java_class_path (initial): /home/aime_bertrand/Documents/djl_yolo/target/scala-2.13/classes:/home/aime_bertrand/.cache/coursier/v1/https/repo1.maven.org/maven2/ai/djl/pytorch/pytorch-engine/0.12.0/pytorch-engine-0.12.0.jar:/home/aime_bertrand/.cache/coursier/v1/https/repo1.maven.org/maven2/ai/djl/pytorch/pytorch-model-zoo/0.12.0/pytorch-model-zoo-0.12.0.jar:/home/aime_bertrand/.cache/coursier/v1/https/repo1.maven.org/maven2/ai/djl/pytorch/pytorch-native-auto/1.6.0/pytorch-native-auto-1.6.0.jar:/home/aime_bertrand/.cache/coursier/v1/https/repo1.maven.org/maven2/ai/djl/api/0.12.0/api-0.12.0.jar:/home/aime_bertrand/.cache/coursier/v1/https/repo1.maven.org/maven2/com/google/code/gson/gson/2.8.7/gson-2.8.7.jar:/home/aime_bertrand/.cache/coursier/v1/https/repo1.maven.org/maven2/net/java/dev/jna/jna/5.8.0/jna-5.8.0.jar:/home/aime_bertrand/.cache/coursier/v1/https/repo1.maven.org/maven2/org/apache/commons/commons-compress/1.20/commons-compress-1.20.jar:/home/aime_bertrand/.cache/coursier/v1/https/repo1.maven.org/maven2/org/openpnp/opencv/4.5.1-2/opencv-4.5.1-2.jar:/home/aime_bertrand/.cache/coursier/v1/https/repo1.maven.org/maven2/org/scala-lang/scala-library/2.13.6/scala-library-2.13.6.jar:/home/aime_bertrand/.cache/coursier/v1/https/repo1.maven.org/maven2/org/slf4j/slf4j-api/1.7.30/slf4j-api-1.7.30.jar
Launcher Type: SUN_STANDARD

[Global flags]
     intx CICompilerCount                          = 4                                         {product} {ergonomic}
     uint ConcGCThreads                            = 2                                         {product} {ergonomic}
     uint G1ConcRefinementThreads                  = 8                                         {product} {ergonomic}
   size_t G1HeapRegionSize                         = 1048576                                   {product} {ergonomic}
    uintx GCDrainStackTargetSize                   = 64                                        {product} {ergonomic}
   size_t InitialHeapSize                          = 127926272                                 {product} {ergonomic}
   size_t MarkStackSize                            = 4194304                                   {product} {ergonomic}
   size_t MaxHeapSize                              = 2015363072                                {product} {ergonomic}
   size_t MaxNewSize                               = 1209008128                                {product} {ergonomic}
   size_t MinHeapDeltaBytes                        = 1048576                                   {product} {ergonomic}
    uintx NonNMethodCodeHeapSize                   = 5836300                                {pd product} {ergonomic}
    uintx NonProfiledCodeHeapSize                  = 122910970                              {pd product} {ergonomic}
    uintx ProfiledCodeHeapSize                     = 122910970                              {pd product} {ergonomic}
    uintx ReservedCodeCacheSize                    = 251658240                              {pd product} {ergonomic}
     bool SegmentedCodeCache                       = true                                      {product} {ergonomic}
     bool UseCompressedClassPointers               = true                                 {lp64_product} {ergonomic}
     bool UseCompressedOops                        = true                                 {lp64_product} {ergonomic}
     bool UseG1GC                                  = true                                      {product} {ergonomic}

Logging:
Log output configuration:
 #0: stdout all=warning uptime,level,tags
 #1: stderr all=off uptime,level,tags

Environment Variables:
PATH=/home/aime_bertrand/.rvm/gems/ruby-2.7.0/bin:/home/aime_bertrand/.rvm/gems/ruby-2.7.0@global/bin:/home/aime_bertrand/.rvm/rubies/ruby-2.7.0/bin:/home/aime_bertrand/.local/bin:/home/aime_bertrand/.cabal/bin:/home/aime_bertrand/.ghcup/bin:/usr/local/sbin:/usr/local/bin:/usr/sbin:/usr/bin:/sbin:/bin:/usr/games:/usr/local/games:/snap/bin:/home/aime_bertrand/.rvm/bin:/home/aime_bertrand/.rvm/bin
USERNAME=aime_bertrand
SHELL=/bin/bash
DISPLAY=:0
LANG=en_US.UTF-8

Signal Handlers:
SIGSEGV: [libjvm.so+0xe8ba00], sa_mask[0]=11111111011111111101111111111110, sa_flags=SA_RESTART|SA_SIGINFO
SIGBUS: [libjvm.so+0xe8ba00], sa_mask[0]=11111111011111111101111111111110, sa_flags=SA_RESTART|SA_SIGINFO
SIGFPE: [libjvm.so+0xe8ba00], sa_mask[0]=11111111011111111101111111111110, sa_flags=SA_RESTART|SA_SIGINFO
SIGPIPE: [libjvm.so+0xbd10f0], sa_mask[0]=11111111011111111101111111111110, sa_flags=SA_RESTART|SA_SIGINFO
SIGXFSZ: [libjvm.so+0xbd10f0], sa_mask[0]=11111111011111111101111111111110, sa_flags=SA_RESTART|SA_SIGINFO
SIGILL: [libjvm.so+0xe8ba00], sa_mask[0]=11111111011111111101111111111110, sa_flags=SA_RESTART|SA_SIGINFO
SIGUSR2: [libjvm.so+0xbd0f90], sa_mask[0]=00100000000000000000000000000000, sa_flags=SA_RESTART|SA_SIGINFO
SIGHUP: [libjvm.so+0xbd1430], sa_mask[0]=11111111011111111101111111111110, sa_flags=SA_RESTART|SA_SIGINFO
SIGINT: [libjvm.so+0xbd1430], sa_mask[0]=11111111011111111101111111111110, sa_flags=SA_RESTART|SA_SIGINFO
SIGTERM: [libjvm.so+0xbd1430], sa_mask[0]=11111111011111111101111111111110, sa_flags=SA_RESTART|SA_SIGINFO
SIGQUIT: [libjvm.so+0xbd1430], sa_mask[0]=11111111011111111101111111111110, sa_flags=SA_RESTART|SA_SIGINFO


---------------  S Y S T E M  ---------------

OS:DISTRIB_ID=Ubuntu
DISTRIB_RELEASE=20.04
DISTRIB_CODENAME=focal
DISTRIB_DESCRIPTION="Ubuntu 20.04.2 LTS"
uname:Linux 5.8.0-63-generic #71~20.04.1-Ubuntu SMP Thu Jul 15 17:46:08 UTC 2021 x86_64
OS uptime: 0 days 2:07 hours
libc:glibc 2.31 NPTL 2.31 
rlimit (soft/hard): STACK 8192k/infinity , CORE 0k/infinity , NPROC 30492/30492 , NOFILE 1048576/1048576 , AS infinity/infinity , CPU infinity/infinity , DATA infinity/infinity , FSIZE infinity/infinity , MEMLOCK 65536k/65536k
load average:2,43 1,67 1,33

/proc/meminfo:
MemTotal:        7866268 kB
MemFree:          140240 kB
MemAvailable:     880340 kB
Buffers:           49300 kB
Cached:          1175140 kB
SwapCached:        83036 kB
Active:          5989280 kB
Inactive:        1263060 kB
Active(anon):    5539140 kB
Inactive(anon):   798512 kB
Active(file):     450140 kB
Inactive(file):   464548 kB
Unevictable:       21596 kB
Mlocked:              16 kB
SwapTotal:       2097148 kB
SwapFree:         635924 kB
Dirty:              1700 kB
Writeback:           912 kB
AnonPages:       5981856 kB
Mapped:           375020 kB
Shmem:            310588 kB
KReclaimable:      99492 kB
Slab:             284632 kB
SReclaimable:      99492 kB
SUnreclaim:       185140 kB
KernelStack:       22752 kB
PageTables:        48180 kB
NFS_Unstable:          0 kB
Bounce:                0 kB
WritebackTmp:          0 kB
CommitLimit:     6030280 kB
Committed_AS:   14537300 kB
VmallocTotal:   34359738367 kB
VmallocUsed:       46368 kB
VmallocChunk:          0 kB
Percpu:             7520 kB
HardwareCorrupted:     0 kB
AnonHugePages:         0 kB
ShmemHugePages:        0 kB
ShmemPmdMapped:        0 kB
FileHugePages:         0 kB
FilePmdMapped:         0 kB
HugePages_Total:       0
HugePages_Free:        0
HugePages_Rsvd:        0
HugePages_Surp:        0
Hugepagesize:       2048 kB
Hugetlb:               0 kB
DirectMap4k:      379516 kB
DirectMap2M:     6674432 kB
DirectMap1G:     1048576 kB

/sys/kernel/mm/transparent_hugepage/enabled:
always [madvise] never
/sys/kernel/mm/transparent_hugepage/defrag (defrag/compaction efforts parameter):
always defer defer+madvise [madvise] never

Process Memory:
Virtual Size: 5715392K (peak: 13405456K)
Resident Set Size: 150852K (peak: 150852K) (anon: 71204K, file: 79648K, shmem: 0K)
Swapped out: 0K
C-Heap outstanding allocations: 28647K

/proc/sys/kernel/threads-max (system-wide limit on the number of threads):
60984
/proc/sys/vm/max_map_count (maximum number of memory map areas a process may have):
65530
/proc/sys/kernel/pid_max (system-wide limit on number of process identifiers):
4194304

container (cgroup) information:
container_type: cgroupv1
cpu_cpuset_cpus: 0-7
cpu_memory_nodes: 0
active_processor_count: 8
cpu_quota: -1
cpu_period: 100000
cpu_shares: -1
memory_limit_in_bytes: -1
memory_and_swap_limit_in_bytes: -1
memory_soft_limit_in_bytes: -1
memory_usage_in_bytes: 7341346816
memory_max_usage_in_bytes: 7496790016

Steal ticks since vm start: 0
Steal ticks percentage since vm start:  0,000

CPU:total 8 (initial active 8) (4 cores per cpu, 2 threads per core) family 6 model 142 stepping 12 microcode 0xea, cmov, cx8, fxsr, mmx, sse, sse2, sse3, ssse3, sse4.1, sse4.2, popcnt, avx, avx2, aes, clmul, erms, 3dnowpref, lzcnt, ht, tsc, tscinvbit, bmi1, bmi2, adx, fma
CPU Model and flags from /proc/cpuinfo:
model name	: Intel(R) Core(TM) i5-8265U CPU @ 1.60GHz
flags		: fpu vme de pse tsc msr pae mce cx8 apic sep mtrr pge mca cmov pat pse36 clflush dts acpi mmx fxsr sse sse2 ss ht tm pbe syscall nx pdpe1gb rdtscp lm constant_tsc art arch_perfmon pebs bts rep_good nopl xtopology nonstop_tsc cpuid aperfmperf pni pclmulqdq dtes64 monitor ds_cpl vmx est tm2 ssse3 sdbg fma cx16 xtpr pdcm pcid sse4_1 sse4_2 x2apic movbe popcnt tsc_deadline_timer aes xsave avx f16c rdrand lahf_lm abm 3dnowprefetch cpuid_fault epb invpcid_single ssbd ibrs ibpb stibp ibrs_enhanced tpr_shadow vnmi flexpriority ept vpid ept_ad fsgsbase tsc_adjust bmi1 avx2 smep bmi2 erms invpcid mpx rdseed adx smap clflushopt intel_pt xsaveopt xsavec xgetbv1 xsaves dtherm ida arat pln pts hwp hwp_notify hwp_act_window hwp_epp md_clear flush_l1d arch_capabilities
Online cpus:
0-7
Offline cpus:

BIOS frequency limitation:
<Not Available>
Frequency switch latency (ns):
0
Available cpu frequencies:
<Not Available>
Current governor:
powersave
Core performance/turbo boost:
<Not Available>

Memory: 4k page, physical 7866268k(142760k free), swap 2097148k(635924k free)

vm_info: OpenJDK 64-Bit Server VM (11.0.11+9-Ubuntu-0ubuntu2.20.04) for linux-amd64 JRE (11.0.11+9-Ubuntu-0ubuntu2.20.04), built on Apr 21 2021 09:15:32 by "unknown" with gcc 9.3.0

END.
